[Sons of Anarchy] - [The Flash] - [The Vampire Diaries] - [The Originals] - [The Ranch] - SIM
[Sons of Anarchy] - [Grimm] - [Blindspot] - [Friends] - [Castle] - SIM
[Sons of Anarchy] - [Grimm] - [Orange Is the New Black] - [Jessica Jones] - [My Wife and Kids] - [Narcos] - NAO
[Sons of Anarchy] - [The Flash] - [The Vampire Diaries] - [Under the Dome] - [True Detective] - NAO
[Sons of Anarchy] - [Grimm] - [Blindspot] - [Friends] - [Castle] - [Doctor Who] - NAO
[Sons of Anarchy] - [Grimm] - [Orange Is the New Black] - SIM
[Sons of Anarchy] - [The Flash] - [Teen Wolf] - [The 4400] - SIM
[Sons of Anarchy] - [Grimm] - [Blindspot] - [Friends] - [Castle] - [Doctor Who] - NAO
[Sons of Anarchy] - [Grimm] - [Orange Is the New Black] - [Os Simpsons] - [Orphan Black] - SIM
[Sons of Anarchy] - [The Flash] - [Teen Wolf] - [The 4400] - [The Big Bang Theory] - SIM
[Sons of Anarchy] - [Grimm] - [Blindspot] - [Friends] - [Castle] - [Doctor Who] - NAO
[Sons of Anarchy] - [Grimm] - [Orange Is the New Black] - [Os Simpsons] - SIM
[Sons of Anarchy] - [The Flash] - [The Vampire Diaries] - [The Originals] - [The Fresh Prince of Bel-Air] - SIM
[Sons of Anarchy] - [Grimm] - [Blindspot] - [Friends] - [Castle] - [Doctor Who] - SIM
[Sons of Anarchy] - [Grimm] - [Orange Is the New Black] - [Os Simpsons] - [Sherlock] - [Penny Dreadful] - NAO
[Sons of Anarchy] - [The Flash] - [The Vampire Diaries] - [The Originals] - SIM
[Sons of Anarchy] - [Grimm] - [Blindspot] - [Friends] - [Castle] - [Doctor Who] - NAO
[Sons of Anarchy] - [Grimm] - [Orange Is the New Black] - [Os Simpsons] - [Sherlock] - [Penny Dreadful] - SIM
[Sons of Anarchy] - [The Flash] - [The Vampire Diaries] - SIM
[Sons of Anarchy] - [Grimm] - [Blindspot] - [Friends] - [Castle] - [Doctor Who] - NAO
[Sons of Anarchy] - [The Flash] - [The Vampire Diaries] - [Under the Dome] - [True Detective] - SIM
[Sons of Anarchy] - [Grimm] - [Blindspot] - [Friends] - [Castle] - [Doctor Who] - NAO
[Sons of Anarchy] - [Grimm] - [Orange Is the New Black] - [Os Simpsons] - [Sherlock] - [Penny Dreadful] - NAO
[Sons of Anarchy] - [The Flash] - [The Vampire Diaries] - [Under the Dome] - SIM
[Sons of Anarchy] - [Grimm] - [Blindspot] - [Friends] - SIM
[Sons of Anarchy] - [Grimm] - [Orange Is the New Black] - [Os Simpsons] - [Sherlock] - [Penny Dreadful] - NAO
[Sons of Anarchy] - [The Flash] - [The Vampire Diaries] - [Under the Dome] - [Vikings] - SIM
[Sons of Anarchy] - [Grimm] - [Blindspot] - [Friends] - [Gossip Girl] - [Game of Thrones] - SIM
[Sons of Anarchy] - [Grimm] - [Orange Is the New Black] - [Os Simpsons] - [Sherlock] - [Penny Dreadful] - NAO
[Sons of Anarchy] - [The Flash] - [The Vampire Diaries] - [Under the Dome] - [Vikings] - [Westworld] - SIM
[Sons of Anarchy] - [Grimm] - [Blindspot] - [Friends] - [Gossip Girl] - SIM
[Sons of Anarchy] - [Grimm] - [Orange Is the New Black] - [Os Simpsons] - [Sherlock] - [Penny Dreadful] - NAO
[Sons of Anarchy] - [The Flash] - [The Vampire Diaries] - [Under the Dome] - [Vikings] - [Westworld] - NAO
[Sons of Anarchy] - [Grimm] - [Blindspot] - [Friends] - [Gossip Girl] - [Gotham] - SIM
[Sons of Anarchy] - [Grimm] - [Orange Is the New Black] - [Os Simpsons] - [Sherlock] - SIM
[Sons of Anarchy] - [Grimm] - [Blindspot] - [Friends] - [Gossip Girl] - [Gotham] - NAO
[Sons of Anarchy] - [Grimm] - [Orange Is the New Black] - [Os Simpsons] - [Sherlock] - [Smallville] - SIM
