[16/6/1998;Escócia] - [2/7/2010;Holanda] - [13/6/2006;França] - [13/6/2010;Argélia] - [21/6/2010;Portugal] - [15/6/2010;Nova Zelândia] - [14/6/2010;Itália] - [14/6/2010;Holanda] - SIM
[16/6/1998;Escócia] - [2/7/2010;Holanda] - [25/6/2014;Honduras] - [14/6/2014;Colômbia] - [19/6/2014;Uruguai] - [16/6/2014;Gana] - [19/6/2014;Colômbia] - [17/6/2014;Brasil] - SIM
[16/6/1998;Escócia] - [2/7/2010;Holanda] - [13/6/2006;França] - [13/6/2010;Argélia] - [21/6/2010;Portugal] - [25/6/2010;Chile] - [28/6/2010;Brasil] - [26/6/2010;Estados Unidos] - [25/6/2010;Suíça] - NAO
[16/6/1998;Escócia] - [2/7/2010;Holanda] - [25/6/2014;Honduras] - [22/6/2018;Sérvia] - [13/7/2014;Alemanha] - [18/6/2018;Bélgica] - [20/6/2018;Irã] - [19/6/2018;Colombia] - [19/6/2018;Russia] - SIM
[16/6/1998;Escócia] - [15/6/1974;Itália] - [8/6/1958;Alemanha Ocidental] - [6/6/1962;Argentina] - [3/6/1970;Brasil] - [15/7/1966;Hungria] - [10/6/1962;Iugoslávia] - [12/7/1966;Alemanha Ocidental] - [16/6/1962;Chile] - [14/6/1962;Tchecoslováquia] - SIM
[16/6/1998;Escócia] - [15/6/1974;Itália] - [4/6/1986;Alemanha Ocidental] - [18/6/1990;Argentina] - [21/6/1986;Alemanha Ocidental] - [10/6/1990;Alemanha Ocidental] - [11/6/1990;Inglaterra] - [17/6/1990;Bélgica] - [14/6/1990;Camarões] - [15/6/1990;Tchecoslováquia] - NAO
[16/6/1998;Escócia] - [15/6/1974;Itália] - [4/6/1986;Alemanha Ocidental] - [18/6/1990;Argentina] - [21/6/1986;Alemanha Ocidental] - [10/6/1990;Alemanha Ocidental] - [25/6/1986;Alemanha Ocidental] - [22/6/1986;Argentina] - SIM
[16/6/1998;Escócia] - [15/6/1974;Itália] - [4/6/1986;Alemanha Ocidental] - [18/6/1990;Argentina] - [21/6/1986;Alemanha Ocidental] - [12/6/1986;Espanha] - [15/6/1986;México] - SIM
[16/6/1998;Escócia] - [2/7/2010;Holanda] - [25/6/2014;Honduras] - [22/6/2018;Sérvia] - [27/6/2018;Suíça] - [2/7/2018;Bélgica] - [1/7/2018;Croácia] - [30/6/2018;França] - NAO
[16/6/1998;Escócia] - [15/6/1974;Itália] - [8/6/1958;Alemanha Ocidental] - [6/6/1962;Argentina] - [3/6/1970;Brasil] - [14/6/1970;Uruguai] - [10/6/1970;Alemanha Ocidental] - [10/6/1970;Suécia] - [11/6/1970;Inglaterra] - [11/6/1970;Itália] - NAO
[16/6/1998;Escócia] - [15/6/1974;Itália] - [8/6/1958;Alemanha Ocidental] - [6/6/1962;Argentina] - [11/6/1958;Paraguai] - [31/5/1962;União Soviética] - [15/6/1958;Paraguai] - [24/6/1958;Brasil] - [15/6/1958;Áustria] - [17/6/1958;União Soviética] - NAO
[16/6/1998;Escócia] - [15/6/1974;Itália] - [4/6/1986;Alemanha Ocidental] - [3/6/1978;Áustria] - [20/6/1982;Espanha] - [11/6/1978;Espanha] - [15/6/1982;Escócia] - [18/6/1982;Argentina] - [18/6/1982;Itália] - SIM
[16/6/1998;Escócia] - [2/7/2010;Holanda] - [13/6/2006;França] - [6/6/2002;França] - [29/6/1998;Holanda] - [24/6/1998;França] - SIM
[16/6/1998;Escócia] - [15/6/1974;Itália] - [4/6/1986;Alemanha Ocidental] - [18/6/1990;Argentina] - [26/6/1994;Romênia] - [3/7/1994;Suécia] - [28/6/1994;Rússia] - [28/6/1994;Irlanda] - SIM
[16/6/1998;Escócia] - [15/6/1974;Itália] - [4/6/1986;Alemanha Ocidental] - [3/6/1978;Áustria] - [20/6/1982;Espanha] - [11/6/1978;Espanha] - [7/6/1978;Holanda] - [10/6/1978;França] - [10/6/1978;Tunísia] - NAO
[16/6/1998;Escócia] - [15/6/1974;Itália] - [4/6/1986;Alemanha Ocidental] - [18/6/1990;Argentina] - [26/6/1994;Romênia] - [3/7/1994;Suécia] - [14/6/1998;Croácia] - [16/7/1994;Suécia] - [13/6/1998;Bélgica] - [11/6/1998;Áustria] - [10/6/1998;Noruega] - NAO
[16/6/1998;Escócia] - [2/7/2010;Holanda] - [13/6/2006;França] - [6/6/2002;França] - [14/6/2002;Bélgica] - [10/6/2006;Trinidad e Tobago] - [26/6/2002;Brasil] - [18/6/2002;Coreia do Sul] - [22/6/2002;Turquia] - SIM
[16/6/1998;Escócia] - [15/6/1974;Itália] - [8/6/1958;Alemanha Ocidental] - [6/6/1962;Argentina] - [3/6/1970;Brasil] - [15/7/1966;Hungria] - [20/7/1966;Inglaterra] - [26/7/1966;Inglaterra] - [20/7/1966;União Soviética] - SIM
[16/6/1998;Escócia] - [2/7/2010;Holanda] - [25/6/2014;Honduras] - [22/6/2018;Sérvia] - [13/7/2014;Alemanha] - [18/6/2018;Bélgica] - [15/6/2018;Marrocos] - [16/6/2018;Argentina] - [16/6/2018;Peru] - NAO
[16/6/1998;Escócia] - [2/7/2010;Holanda] - [13/6/2006;França] - [6/6/2002;França] - [14/6/2002;Bélgica] - [10/6/2002;Bélgica] - [12/6/2002;Paraguai] - [12/6/2002;Suécia] - [13/6/2002;Brasil] - NAO
[16/6/1998;Escócia] - [2/7/2010;Holanda] - [13/6/2006;França] - [13/6/2010;Argélia] - [22/6/2006;Croácia] - [19/6/2006;Arábia Saudita] - SIM
[16/6/1998;Escócia] - [15/6/1974;Itália] - [4/6/1986;Alemanha Ocidental] - [18/6/1990;Argentina] - [21/6/1986;Alemanha Ocidental] - [10/6/1990;Alemanha Ocidental] - [11/6/1990;Inglaterra] - [17/6/1990;Bélgica] - SIM
[16/6/1998;Escócia] - [2/7/2010;Holanda] - [25/6/2014;Honduras] - [14/6/2014;Colômbia] - [19/6/2014;Uruguai] - [22/6/2014;Coreia do Sul] - [23/6/2014;Croácia] - [25/6/2014;Bósnia e Herzegovna] - NAO
[16/6/1998;Escócia] - [2/7/2010;Holanda] - [25/6/2014;Honduras] - [22/6/2018;Sérvia] - [27/6/2018;Suíça] - [2/7/2018;Bélgica] - [1/7/2018;Croácia] - [30/6/2018;França] - NAO
[16/6/1998;Escócia] - [15/6/1974;Itália] - [4/6/1986;Alemanha Ocidental] - [3/6/1978;Áustria] - [20/6/1982;Espanha] - [5/7/1982;Itália] - [24/6/1982;Tchecoslováquia] - [24/6/1982;Argélia] - [21/6/1982;Honduras] - NAO
[16/6/1998;Escócia] - [15/6/1974;Itália] - [8/6/1958;Alemanha Ocidental] - [6/6/1962;Argentina] - [3/6/1970;Brasil] - [15/7/1966;Hungria] - [10/6/1962;Iugoslávia] - [7/6/1962;Itália] - SIM
[16/6/1998;Escócia] - [2/7/2010;Holanda] - [25/6/2014;Honduras] - [14/6/2014;Colômbia] - [19/6/2014;Uruguai] - [22/6/2014;Coreia do Sul] - [21/6/2014;Alemanha] - [20/6/2014;Suíça] - SIM
[16/6/1998;Escócia] - [2/7/2010;Holanda] - [13/6/2006;França] - [13/6/2010;Argélia] - [21/6/2010;Portugal] - SIM
[16/6/1998;Escócia] - [15/6/1974;Itália] - [4/6/1986;Alemanha Ocidental] - [18/6/1990;Argentina] - SIM
[16/6/1998;Escócia] - [2/7/2010;Holanda] - [13/6/2006;França] - [13/6/2010;Argélia] - [21/6/2010;Portugal] - [25/6/2010;Chile] - [28/6/2010;Brasil] - [26/6/2010;Estados Unidos] - [25/6/2010;Suíça] - NAO
[16/6/1998;Escócia] - [15/6/1974;Itália] - [4/6/1986;Alemanha Ocidental] - [18/6/1990;Argentina] - [21/6/1986;Alemanha Ocidental] - [12/6/1986;Espanha] - [8/6/1986;Bélgica] - [11/6/1986;Inglaterra] - [8/6/1986;Dinamarca] - [10/6/1986;Itália] - NAO
[16/6/1998;Escócia] - [15/6/1974;Itália] - [4/6/1986;Alemanha Ocidental] - [3/6/1978;Áustria] - [20/6/1982;Espanha] - [5/7/1982;Itália] - [31/5/1986;Itália] - [3/6/1986;Argélia] - [1/6/1986;França] - SIM
[16/6/1998;Escócia] - [15/6/1974;Itália] - [8/6/1958;Alemanha Ocidental] - [6/6/1962;Argentina] - [3/6/1970;Brasil] - [15/7/1966;Hungria] - [10/6/1962;Iugoslávia] - [7/6/1962;Itália] - [7/6/1962;Bulgária] - SIM
[16/6/1998;Escócia] - [2/7/2010;Holanda] - [13/6/2006;França] - [13/6/2010;Argélia] - [21/6/2010;Portugal] - [25/6/2010;Chile] - [28/6/2010;Brasil] - [26/6/2010;Estados Unidos] - SIM
[16/6/1998;Escócia] - [2/7/2010;Holanda] - [25/6/2014;Honduras] - [14/6/2014;Colômbia] - [19/6/2014;Uruguai] - [22/6/2014;Coreia do Sul] - [23/6/2014;Croácia] - [25/6/2014;Bósnia e Herzegovna] - [24/6/2014;Itália] - NAO
[16/6/1998;Escócia] - [2/7/2010;Holanda] - [13/6/2006;França] - [13/6/2010;Argélia] - [21/6/2010;Portugal] - [15/6/2010;Nova Zelândia] - [19/6/2010;Gana] - [20/6/2010;Brasil] - [21/6/2010;Chile] - SIM
[16/6/1998;Escócia] - [2/7/2010;Holanda] - [13/6/2006;França] - [6/6/2002;França] - [29/6/1998;Holanda] - [24/6/1998;França] - [27/6/1998;Brasil] - SIM
[16/6/1998;Escócia] - [15/6/1974;Itália] - [4/6/1986;Alemanha Ocidental] - [3/6/1978;Áustria] - [20/6/1982;Espanha] - [5/7/1982;Itália] - [31/5/1986;Itália] - [11/7/1982;Itália] - [10/7/1982;Polônia] - NAO
[16/6/1998;Escócia] - [2/7/2010;Holanda] - [25/6/2014;Honduras] - [22/6/2018;Sérvia] - [13/7/2014;Alemanha] - [18/6/2018;Bélgica] - [20/6/2018;Irã] - [21/6/2018;França] - NAO
[16/6/1998;Escócia] - [2/7/2010;Holanda] - [13/6/2006;França] - [13/6/2010;Argélia] - [22/6/2006;Croácia] - [27/6/2006;Brasil] - [1/7/2006;Brasil] - [4/7/2006;Alemanha] - [9/7/2006;Itália] - NAO
[16/6/1998;Escócia] - [2/7/2010;Holanda] - [13/6/2006;França] - [13/6/2010;Argélia] - [21/6/2010;Portugal] - [15/6/2010;Nova Zelândia] - [14/6/2010;Itália] - [14/6/2010;Holanda] - [13/6/2010;Sérvia] - SIM
[16/6/1998;Escócia] - [2/7/2010;Holanda] - [13/6/2006;França] - [6/6/2002;França] - [29/6/1998;Holanda] - [3/6/2002;Itália] - [1/6/2002;Alemanha] - [3/7/1998;França] - [30/6/1998;Croácia] - SIM
[16/6/1998;Escócia] - [15/6/1974;Itália] - [8/6/1958;Alemanha Ocidental] - [19/6/1938;Itália] - [16/6/1954;Uruguai] - [26/6/1954;Uruguai] - [19/6/1954;Uruguai] - [20/6/1954;Inglaterra] - NAO
[16/6/1998;Escócia] - [2/7/2010;Holanda] - [13/6/2006;França] - [13/6/2010;Argélia] - [21/6/2010;Portugal] - [15/6/2010;Nova Zelândia] - [19/6/2010;Gana] - [18/6/2010;Eslovênia] - SIM
[16/6/1998;Escócia] - [2/7/2010;Holanda] - [25/6/2014;Honduras] - [22/6/2018;Sérvia] - [13/7/2014;Alemanha] - [18/6/2018;Bélgica] - [15/6/2018;Marrocos] - [16/6/2018;Argentina] - [16/6/2018;Peru] - NAO
[16/6/1998;Escócia] - [15/6/1974;Itália] - [4/6/1986;Alemanha Ocidental] - [18/6/1990;Argentina] - [21/6/1986;Alemanha Ocidental] - [12/6/1986;Espanha] - [8/6/1986;Bélgica] - [5/6/1986;Argentina] - [4/6/1986;Dinamarca] - SIM
[16/6/1998;Escócia] - [2/7/2010;Holanda] - [25/6/2014;Honduras] - [22/6/2018;Sérvia] - [27/6/2018;Suíça] - SIM
[16/6/1998;Escócia] - [15/6/1974;Itália] - [4/6/1986;Alemanha Ocidental] - [18/6/1990;Argentina] - [26/6/1994;Romênia] - [3/7/1994;Suécia] - [14/6/1998;Croácia] - [16/7/1994;Suécia] - SIM
[16/6/1998;Escócia] - [2/7/2010;Holanda] - [13/6/2006;França] - [13/6/2010;Argélia] - [22/6/2006;Croácia] - [27/6/2006;Brasil] - [23/6/2006;Ucrânia] - [24/6/2006;Argentina] - SIM
[16/6/1998;Escócia] - [15/6/1974;Itália] - [4/6/1986;Alemanha Ocidental] - [18/6/1990;Argentina] - [26/6/1994;Romênia] - [3/7/1994;Suécia] - [28/6/1994;Rússia] - [28/6/1994;Irlanda] - [27/6/1994;Alemanha] - SIM
[16/6/1998;Escócia] - [15/6/1974;Itália] - [4/6/1986;Alemanha Ocidental] - [18/6/1990;Argentina] - [26/6/1994;Romênia] - [3/7/1994;Suécia] - [14/6/1998;Croácia] - [16/7/1994;Suécia] - [10/7/1994;Bulgária] - NAO
[16/6/1998;Escócia] - [15/6/1974;Itália] - [8/6/1958;Alemanha Ocidental] - [6/6/1962;Argentina] - [11/6/1958;Paraguai] - [31/5/1962;União Soviética] - [15/6/1958;Paraguai] - [24/6/1958;Brasil] - [30/5/1962;Uruguai] - [29/6/1958;Brasil] - SIM
[16/6/1998;Escócia] - [15/6/1974;Itália] - [4/6/1986;Alemanha Ocidental] - [3/6/1978;Áustria] - [20/6/1982;Espanha] - [11/6/1978;Espanha] - [15/6/1982;Escócia] - [18/6/1982;Argentina] - [16/6/1982;Honduras] - [17/6/1982;Áustria] - [17/6/1982;Irlanda do Norte] - NAO
[16/6/1998;Escócia] - [15/6/1974;Itália] - [8/6/1958;Alemanha Ocidental] - [19/6/1938;Itália] - [31/5/1934;Alemanha] - [9/6/1938;Cuba] - [5/6/1938;Brasil] - [7/6/1934;Alemanha] - [31/5/1934;Áustria] - NAO
[16/6/1998;Escócia] - [15/6/1974;Itália] - [4/6/1986;Alemanha Ocidental] - [18/6/1990;Argentina] - [21/6/1986;Alemanha Ocidental] - [12/6/1986;Espanha] - [15/6/1986;México] - [18/6/1986;Espanha] - [18/6/1986;Inglaterra] - SIM
[16/6/1998;Escócia] - [15/6/1974;Itália] - [4/6/1986;Alemanha Ocidental] - [18/6/1990;Argentina] - [21/6/1986;Alemanha Ocidental] - [12/6/1986;Espanha] - [8/6/1986;Bélgica] - [5/6/1986;Argentina] - [6/6/1986;Inglaterra] - [5/6/1986;França] - NAO
[16/6/1998;Escócia] - [2/7/2010;Holanda] - [25/6/2014;Honduras] - [22/6/2018;Sérvia] - [27/6/2018;Suíça] - [26/6/2018;Islândia] - [23/6/2018;Coreia do Sul] - [26/6/2018;Australia] - [25/6/2018;Uruguai] - NAO
[16/6/1998;Escócia] - [2/7/2010;Holanda] - [13/6/2006;França] - [6/6/2002;França] - [14/6/2002;Bélgica] - [10/6/2006;Trinidad e Tobago] - [26/6/2002;Brasil] - [18/6/2002;Coreia do Sul] - [17/6/2002;Estados Unidos] - [14/6/2002;Polônia] - NAO
[16/6/1998;Escócia] - [2/7/2010;Holanda] - [13/6/2006;França] - [6/6/2002;França] - [14/6/2002;Bélgica] - [10/6/2002;Bélgica] - [12/6/2002;Paraguai] - [12/6/2002;Espanha] - [11/6/2002;Irlanda] - [10/6/2002;Portugal] - SIM
[16/6/1998;Escócia] - [2/7/2010;Holanda] - [25/6/2014;Honduras] - [22/6/2018;Sérvia] - [13/7/2014;Alemanha] - [29/6/2014;Holanda] - [5/7/2014;Argentina] - [8/7/2014;Brasil] - SIM
[16/6/1998;Escócia] - [15/6/1974;Itália] - [8/6/1958;Alemanha Ocidental] - [19/6/1938;Itália] - [31/5/1934;Alemanha] - [9/6/1938;Cuba] - [5/6/1938;Brasil] - [5/6/1938;Hungria] - [5/6/1938;Itália] - SIM
[16/6/1998;Escócia] - [15/6/1974;Itália] - [8/6/1958;Alemanha Ocidental] - [6/6/1962;Argentina] - [11/6/1958;Paraguai] - [31/5/1962;União Soviética] - [15/6/1958;Paraguai] - [15/6/1958;Brasil] - [15/6/1958;Hungria] - NAO
[16/6/1998;Escócia] - [15/6/1974;Itália] - [4/6/1986;Alemanha Ocidental] - [3/6/1978;Áustria] - [20/6/1982;Espanha] - [5/7/1982;Itália] - [24/6/1982;Tchecoslováquia] - [24/6/1982;Argélia] - [21/6/1982;Honduras] - NAO
[16/6/1998;Escócia] - [15/6/1974;Itália] - [8/6/1958;Alemanha Ocidental] - [6/6/1962;Argentina] - [11/6/1958;Paraguai] - [31/5/1962;União Soviética] - [15/6/1958;Paraguai] - [24/6/1958;Brasil] - [30/5/1962;Uruguai] - [29/6/1958;Brasil] - NAO
[16/6/1998;Escócia] - [15/6/1974;Itália] - [8/6/1958;Alemanha Ocidental] - [6/6/1962;Argentina] - [3/6/1970;Brasil] - [15/7/1966;Hungria] - [10/6/1962;Iugoslávia] - SIM
[16/6/1998;Escócia] - [2/7/2010;Holanda] - [25/6/2014;Honduras] - [22/6/2018;Sérvia] - [13/7/2014;Alemanha] - [29/6/2014;Holanda] - [5/7/2014;Argentina] - SIM
[16/6/1998;Escócia] - [2/7/2010;Holanda] - [13/6/2006;França] - [13/6/2010;Argélia] - [22/6/2006;Croácia] - [19/6/2006;Arábia Saudita] - [16/6/2006;Argentina] - [17/6/2006;Itália] - [16/6/2006;México] - SIM
[16/6/1998;Escócia] - [15/6/1974;Itália] - [4/6/1986;Alemanha Ocidental] - [18/6/1990;Argentina] - [26/6/1994;Romênia] - [26/6/1990;Iugoslávia] - [21/6/1994;Alemanha] - [1/7/1990;Inglaterra] - SIM
[16/6/1998;Escócia] - [2/7/2010;Holanda] - [13/6/2006;França] - [6/6/2002;França] - [29/6/1998;Holanda] - [24/6/1998;França] - [22/6/1998;Romênia] - [21/6/1998;Alemanha] - [17/6/1998;Áustria] - [19/6/1998;Nigéria] - NAO
[16/6/1998;Escócia] - [2/7/2010;Holanda] - [13/6/2006;França] - [13/6/2010;Argélia] - [22/6/2006;Croácia] - [27/6/2006;Brasil] - [1/7/2006;Brasil] - [4/7/2006;Alemanha] - [9/7/2006;Itália] - [12/6/2010;Inglaterra] - NAO
[16/6/1998;Escócia] - [2/7/2010;Holanda] - [13/6/2006;França] - [13/6/2010;Argélia] - [21/6/2010;Portugal] - [25/6/2010;Chile] - [23/6/2010;Austrália] - SIM
[16/6/1998;Escócia] - [15/6/1974;Itália] - [8/6/1958;Alemanha Ocidental] - [19/6/1938;Itália] - [31/5/1934;Alemanha] - [21/7/1930;Uruguai] - [27/5/1934;Espanha] - [22/7/1930;Argentina] - [27/5/1934;Alemanha] - NAO
[16/6/1998;Escócia] - [15/6/1974;Itália] - [4/6/1986;Alemanha Ocidental] - [18/6/1990;Argentina] - [21/6/1986;Alemanha Ocidental] - [12/6/1986;Espanha] - [15/6/1986;México] - [18/6/1986;Espanha] - [16/6/1986;Argentina] - NAO
[16/6/1998;Escócia] - [15/6/1974;Itália] - [8/6/1958;Alemanha Ocidental] - [19/6/1938;Itália] - [31/5/1934;Alemanha] - [9/6/1938;Cuba] - [5/6/1938;Brasil] - [7/6/1934;Alemanha] - [31/5/1934;Áustria] - NAO
[16/6/1998;Escócia] - [15/6/1974;Itália] - [4/6/1986;Alemanha Ocidental] - [3/6/1978;Áustria] - [23/6/1974;Suécia] - [19/6/1974;Polônia] - [22/6/1974;Brasil] - [22/6/1974;Austrália] - NAO
[16/6/1998;Escócia] - [15/6/1974;Itália] - [8/6/1958;Alemanha Ocidental] - [6/6/1962;Argentina] - [3/6/1970;Brasil] - [14/6/1970;Uruguai] - [10/6/1970;Alemanha Ocidental] - [6/6/1970;Peru] - [7/6/1970;Israel] - [6/6/1970;Uruguai] - SIM
[16/6/1998;Escócia] - [2/7/2010;Holanda] - [13/6/2006;França] - [6/6/2002;França] - [14/6/2002;Bélgica] - [10/6/2006;Trinidad e Tobago] - [26/6/2002;Brasil] - [18/6/2002;Coreia do Sul] - [17/6/2002;Estados Unidos] - [14/6/2002;Polônia] - NAO
[16/6/1998;Escócia] - [2/7/2010;Holanda] - [13/6/2006;França] - [13/6/2010;Argélia] - [22/6/2006;Croácia] - [19/6/2006;Arábia Saudita] - [16/6/2006;Argentina] - [14/6/2006;Espanha] - [14/6/2006;Alemanha] - SIM
[16/6/1998;Escócia] - [2/7/2010;Holanda] - [25/6/2014;Honduras] - [22/6/2018;Sérvia] - [13/7/2014;Alemanha] - [29/6/2014;Holanda] - [28/6/2014;Colômbia] - [28/6/2014;Brasil] - [25/6/2014;Nigéria] - NAO
[16/6/1998;Escócia] - [15/6/1974;Itália] - [8/6/1958;Alemanha Ocidental] - [6/6/1962;Argentina] - [11/6/1958;Paraguai] - [8/6/1958;Inglaterra] - [8/6/1958;Suécia] - [11/6/1958;Brasil] - [11/6/1958;Alemanha Ocidental] - SIM
[16/6/1998;Escócia] - [2/7/2010;Holanda] - [25/6/2014;Honduras] - [22/6/2018;Sérvia] - [13/7/2014;Alemanha] - [29/6/2014;Holanda] - [28/6/2014;Colômbia] - [28/6/2014;Brasil] - SIM
[16/6/1998;Escócia] - [15/6/1974;Itália] - [8/6/1958;Alemanha Ocidental] - [19/6/1938;Itália] - [31/5/1934;Alemanha] - [21/7/1930;Uruguai] - [16/7/1930;Chile] - [14/7/1930;Iugoslávia] - [15/7/1930;Argentina] - NAO
[16/6/1998;Escócia] - [2/7/2010;Holanda] - [25/6/2014;Honduras] - [14/6/2014;Colômbia] - [19/6/2014;Uruguai] - [16/6/2014;Gana] - [15/6/2014;Argentina] - [15/6/2014;França] - [15/6/2014;Suíça] - SIM
[16/6/1998;Escócia] - [2/7/2010;Holanda] - [13/6/2006;França] - [13/6/2010;Argélia] - [21/6/2010;Portugal] - [25/6/2010;Chile] - [23/6/2010;Austrália] - [23/6/2010;Gana] - SIM
[16/6/1998;Escócia] - [15/6/1974;Itália] - [4/6/1986;Alemanha Ocidental] - [18/6/1990;Argentina] - [21/6/1986;Alemanha Ocidental] - [10/6/1990;Alemanha Ocidental] - SIM
[16/6/1998;Escócia] - [15/6/1974;Itália] - [4/6/1986;Alemanha Ocidental] - [18/6/1990;Argentina] - [26/6/1994;Romênia] - [26/6/1990;Iugoslávia] - [21/6/1994;Alemanha] - [24/6/1994;Brasil] - [25/6/1994;Bélgica] - [26/6/1994;Colômbia] - SIM
[16/6/1998;Escócia] - [15/6/1974;Itália] - [4/6/1986;Alemanha Ocidental] - [3/6/1978;Áustria] - [20/6/1982;Espanha] - [5/7/1982;Itália] - SIM
[16/6/1998;Escócia] - [2/7/2010;Holanda] - [13/6/2006;França] - [13/6/2010;Argélia] - [22/6/2006;Croácia] - [19/6/2006;Arábia Saudita] - [21/6/2006;Holanda] - [20/6/2006;Equador] - [20/6/2006;Suécia] - NAO
[16/6/1998;Escócia] - [15/6/1974;Itália] - [4/6/1986;Alemanha Ocidental] - [18/6/1990;Argentina] - [21/6/1986;Alemanha Ocidental] - [12/6/1986;Espanha] - [15/6/1986;México] - [18/6/1986;Espanha] - SIM
[16/6/1998;Escócia] - [15/6/1974;Itália] - [4/6/1986;Alemanha Ocidental] - [18/6/1990;Argentina] - [21/6/1986;Alemanha Ocidental] - [10/6/1990;Alemanha Ocidental] - [11/6/1990;Inglaterra] - SIM
[16/6/1998;Escócia] - [15/6/1974;Itália] - [8/6/1958;Alemanha Ocidental] - [19/6/1938;Itália] - [31/5/1934;Alemanha] - [9/6/1938;Cuba] - [5/6/1938;Brasil] - [7/6/1934;Alemanha] - [31/5/1934;Áustria] - SIM
[16/6/1998;Escócia] - [15/6/1974;Itália] - [8/6/1958;Alemanha Ocidental] - [6/6/1962;Argentina] - [3/6/1970;Brasil] - [14/6/1970;Uruguai] - [14/6/1974;Alemanha Oriental] - SIM
[16/6/1998;Escócia] - [2/7/2010;Holanda] - [13/6/2006;França] - SIM
[16/6/1998;Escócia] - [2/7/2010;Holanda] - [13/6/2006;França] - [6/6/2002;França] - [29/6/1998;Holanda] - [3/6/2002;Itália] - [1/6/2002;Alemanha] - [3/7/1998;França] - [31/5/2002;França] - NAO
[16/6/1998;Escócia] - [2/7/2010;Holanda] - [25/6/2014;Honduras] - [22/6/2018;Sérvia] - [27/6/2018;Suíça] - [2/7/2018;Bélgica] - [10/7/2018;França] - [11/7/2018;Croácia] - [15/7/2018;França] - SIM
[16/6/1998;Escócia] - [15/6/1974;Itália] - [4/6/1986;Alemanha Ocidental] - [18/6/1990;Argentina] - [26/6/1994;Romênia] - [26/6/1990;Iugoslávia] - [21/6/1990;Uruguai] - [21/6/1990;Holanda] - SIM
[16/6/1998;Escócia] - [15/6/1974;Itália] - [8/6/1958;Alemanha Ocidental] - [6/6/1962;Argentina] - [3/6/1970;Brasil] - [15/7/1966;Hungria] - [10/6/1962;Iugoslávia] - [12/7/1966;Alemanha Ocidental] - [16/6/1962;Chile] - [14/6/1962;Tchecoslováquia] - NAO
[16/6/1998;Escócia] - [15/6/1974;Itália] - [8/6/1958;Alemanha Ocidental] - [6/6/1962;Argentina] - [3/6/1970;Brasil] - [15/7/1966;Hungria] - [20/7/1966;Inglaterra] - [19/7/1966;Argentina] - [16/7/1966;União Soviética] - NAO
[16/6/1998;Escócia] - [15/6/1974;Itália] - [8/6/1958;Alemanha Ocidental] - [6/6/1962;Argentina] - [11/6/1958;Paraguai] - [31/5/1962;União Soviética] - [15/6/1958;Paraguai] - [24/6/1958;Brasil] - [30/5/1962;Uruguai] - [31/5/1962;Itália] - NAO
[16/6/1998;Escócia] - [15/6/1974;Itália] - [8/6/1958;Alemanha Ocidental] - [6/6/1962;Argentina] - [3/6/1970;Brasil] - [15/7/1966;Hungria] - [10/6/1962;Iugoslávia] - [12/7/1966;Alemanha Ocidental] - [15/7/1966;Chile] - SIM
[16/6/1998;Escócia] - [2/7/2010;Holanda] - [13/6/2006;França] - [13/6/2010;Argélia] - [21/6/2010;Portugal] - [15/6/2010;Nova Zelândia] - [19/6/2010;Gana] - [20/6/2010;Brasil] - [21/6/2010;Chile] - [20/6/2010;Eslováquia] - NAO
[16/6/1998;Escócia] - [2/7/2010;Holanda] - [13/6/2006;França] - [6/6/2002;França] - [29/6/1998;Holanda] - [24/6/1998;França] - [22/6/1998;Romênia] - [23/6/1998;Noruega] - [24/6/1998;Espanha] - NAO
[16/6/1998;Escócia] - [15/6/1974;Itália] - [8/6/1958;Alemanha Ocidental] - [6/6/1962;Argentina] - [3/6/1970;Brasil] - [15/7/1966;Hungria] - [10/6/1962;Iugoslávia] - [12/7/1966;Alemanha Ocidental] - [16/6/1962;Chile] - [11/7/1966;Inglaterra] - SIM
[16/6/1998;Escócia] - [2/7/2010;Holanda] - [13/6/2006;França] - [13/6/2010;Argélia] - [21/6/2010;Portugal] - [25/6/2010;Chile] - [28/6/2010;Brasil] - [29/6/2010;Paraguai] - [29/6/2010;Espanha] - SIM
[16/6/1998;Escócia] - [15/6/1974;Itália] - [4/6/1986;Alemanha Ocidental] - [3/6/1978;Áustria] - [20/6/1982;Espanha] - [11/6/1978;Espanha] - [7/6/1978;Holanda] - [6/6/1978;Argentina] - SIM
[16/6/1998;Escócia] - [2/7/2010;Holanda] - [25/6/2014;Honduras] - [14/6/2014;Colômbia] - [19/6/2014;Uruguai] - [22/6/2014;Coreia do Sul] - [21/6/2014;Alemanha] - [21/6/2014;Argentina] - NAO
[16/6/1998;Escócia] - [2/7/2010;Holanda] - [25/6/2014;Honduras] - [14/6/2014;Colômbia] - [19/6/2014;Uruguai] - [22/6/2014;Coreia do Sul] - [21/6/2014;Alemanha] - [21/6/2014;Argentina] - NAO
[16/6/1998;Escócia] - [2/7/2010;Holanda] - [25/6/2014;Honduras] - [22/6/2018;Sérvia] - [27/6/2018;Suíça] - [26/6/2018;Islândia] - [27/6/2018;Coreia do Sul] - NAO
[16/6/1998;Escócia] - [15/6/1974;Itália] - [4/6/1986;Alemanha Ocidental] - [3/6/1978;Áustria] - [20/6/1982;Espanha] - [11/6/1978;Espanha] - [15/6/1982;Escócia] - [21/6/1978;Holanda] - [18/6/1978;Holanda] - [18/6/1978;Argentina] - SIM
[16/6/1998;Escócia] - SIM
[16/6/1998;Escócia] - [2/7/2010;Holanda] - [25/6/2014;Honduras] - [22/6/2018;Sérvia] - [13/7/2014;Alemanha] - [29/6/2014;Holanda] - [5/7/2014;Argentina] - [8/7/2014;Brasil] - [5/7/2014;Holanda] - SIM
[16/6/1998;Escócia] - [2/7/2010;Holanda] - [25/6/2014;Honduras] - [14/6/2014;Colômbia] - [19/6/2014;Uruguai] - [16/6/2014;Gana] - [19/6/2014;Colômbia] - [17/6/2014;Brasil] - NAO
[16/6/1998;Escócia] - [2/7/2010;Holanda] - [25/6/2014;Honduras] - [22/6/2018;Sérvia] - [13/7/2014;Alemanha] - [18/6/2018;Bélgica] - [15/6/2018;Marrocos] - [16/6/2018;Argentina] - [16/6/2018;Peru] - NAO
[16/6/1998;Escócia] - [15/6/1974;Itália] - [8/6/1958;Alemanha Ocidental] - [6/6/1962;Argentina] - [11/6/1958;Paraguai] - [8/6/1958;Inglaterra] - [8/6/1958;França] - [8/6/1958;Escócia] - NAO
[16/6/1998;Escócia] - [15/6/1974;Itália] - [4/6/1986;Alemanha Ocidental] - [3/6/1978;Áustria] - [23/6/1974;Suécia] - [19/6/1974;Polônia] - [18/6/1974;Brasil] - [18/6/1974;Iugoslávia] - [19/6/1974;Argentina] - NAO
[16/6/1998;Escócia] - [2/7/2010;Holanda] - [13/6/2006;França] - [6/6/2002;França] - [29/6/1998;Holanda] - [24/6/1998;França] - [27/6/1998;Brasil] - [29/6/1998;Alemanha] - SIM
[16/6/1998;Escócia] - [15/6/1974;Itália] - [4/6/1986;Alemanha Ocidental] - [3/6/1978;Áustria] - [20/6/1982;Espanha] - [11/6/1978;Espanha] - [15/6/1982;Escócia] - [21/6/1978;Holanda] - [14/6/1982;Brasil] - [14/6/1982;Itália] - NAO
[16/6/1998;Escócia] - [15/6/1974;Itália] - [4/6/1986;Alemanha Ocidental] - [18/6/1990;Argentina] - [26/6/1994;Romênia] - [3/7/1994;Suécia] - [28/6/1994;Rússia] - [30/6/1994;Nigéria] - [30/6/1994;Bulgária] - NAO
[16/6/1998;Escócia] - [2/7/2010;Holanda] - [25/6/2014;Honduras] - [22/6/2018;Sérvia] - [13/7/2014;Alemanha] - [18/6/2018;Bélgica] - [15/6/2018;Marrocos] - [16/6/2018;Argentina] - SIM
[16/6/1998;Escócia] - [15/6/1974;Itália] - [4/6/1986;Alemanha Ocidental] - [3/6/1978;Áustria] - [23/6/1974;Suécia] - SIM
[16/6/1998;Escócia] - [15/6/1974;Itália] - [4/6/1986;Alemanha Ocidental] - [18/6/1990;Argentina] - [21/6/1986;Alemanha Ocidental] - [10/6/1990;Alemanha Ocidental] - [11/6/1990;Inglaterra] - [17/6/1990;Bélgica] - [14/6/1990;Camarões] - [15/6/1990;Tchecoslováquia] - NAO
[16/6/1998;Escócia] - [15/6/1974;Itália] - [8/6/1958;Alemanha Ocidental] - [19/6/1938;Itália] - [31/5/1934;Alemanha] - [21/7/1930;Uruguai] - [27/5/1934;Espanha] - [27/5/1934;Suíça] - [27/5/1934;Hungria] - SIM
[16/6/1998;Escócia] - [15/6/1974;Itália] - [4/6/1986;Alemanha Ocidental] - [3/6/1978;Áustria] - [20/6/1982;Espanha] - [5/7/1982;Itália] - [31/5/1986;Itália] - [3/6/1986;Argélia] - [3/6/1986;Portugal] - [3/6/1986;México] - SIM
[16/6/1998;Escócia] - [15/6/1974;Itália] - [4/6/1986;Alemanha Ocidental] - [18/6/1990;Argentina] - [26/6/1994;Romênia] - [26/6/1990;Iugoslávia] - [21/6/1990;Uruguai] - [21/6/1990;Holanda] - [19/6/1990;Iugoslávia] - [21/6/1990;Espanha] - NAO
[16/6/1998;Escócia] - [15/6/1974;Itália] - [4/6/1986;Alemanha Ocidental] - [18/6/1990;Argentina] - [26/6/1994;Romênia] - [26/6/1990;Iugoslávia] - [21/6/1990;Uruguai] - [21/6/1990;Holanda] - [19/6/1990;Iugoslávia] - [21/6/1990;Espanha] - NAO
[16/6/1998;Escócia] - [2/7/2010;Holanda] - [25/6/2014;Honduras] - [14/6/2014;Colômbia] - [19/6/2014;Uruguai] - [16/6/2014;Gana] - [19/6/2014;Colômbia] - [17/6/2014;Brasil] - NAO
[16/6/1998;Escócia] - [15/6/1974;Itália] - [4/6/1986;Alemanha Ocidental] - [18/6/1990;Argentina] - [21/6/1986;Alemanha Ocidental] - [12/6/1986;Espanha] - [8/6/1986;Bélgica] - [5/6/1986;Argentina] - [6/6/1986;Inglaterra] - [7/6/1986;Espanha] - SIM
[16/6/1998;Escócia] - [2/7/2010;Holanda] - [25/6/2014;Honduras] - [22/6/2018;Sérvia] - [27/6/2018;Suíça] - [2/7/2018;Bélgica] - [10/7/2018;França] - [11/7/2018;Croácia] - SIM
[16/6/1998;Escócia] - [2/7/2010;Holanda] - [25/6/2014;Honduras] - [14/6/2014;Colômbia] - [19/6/2014;Uruguai] - [16/6/2014;Gana] - [19/6/2014;Colômbia] - SIM
[16/6/1998;Escócia] - [2/7/2010;Holanda] - [25/6/2014;Honduras] - [22/6/2018;Sérvia] - [27/6/2018;Suíça] - [2/7/2018;Bélgica] - [10/7/2018;França] - [11/7/2018;Croácia] - [15/7/2018;França] - NAO
[16/6/1998;Escócia] - [15/6/1974;Itália] - [4/6/1986;Alemanha Ocidental] - [3/6/1978;Áustria] - [20/6/1982;Espanha] - [5/7/1982;Itália] - [24/6/1982;Tchecoslováquia] - [29/6/1982;Inglaterra] - [28/6/1982;França] - SIM
[16/6/1998;Escócia] - [15/6/1974;Itália] - [8/6/1958;Alemanha Ocidental] - [6/6/1962;Argentina] - [3/6/1970;Brasil] - [15/7/1966;Hungria] - [10/6/1962;Iugoslávia] - [7/6/1962;Itália] - [7/6/1962;México] - [10/6/1962;Chile] - SIM
[16/6/1998;Escócia] - [2/7/2010;Holanda] - [13/6/2006;França] - [6/6/2002;França] - [29/6/1998;Holanda] - [24/6/1998;França] - [22/6/1998;Romênia] - [23/6/1998;Noruega] - [24/6/1998;Espanha] - SIM
[16/6/1998;Escócia] - [2/7/2010;Holanda] - [13/6/2006;França] - [13/6/2010;Argélia] - [22/6/2006;Croácia] - [27/6/2006;Brasil] - [23/6/2006;Ucrânia] - [23/6/2006;Arábia Saudita] - [23/6/2006;Suíça] - SIM
[16/6/1998;Escócia] - [15/6/1974;Itália] - [8/6/1958;Alemanha Ocidental] - [19/6/1938;Itália] - [16/6/1954;Uruguai] - [25/6/1950;Iugoslávia] - [1/7/1950;Brasil] - [16/7/1950;Suécia] - [3/7/1950;Brasil] - NAO
[16/6/1998;Escócia] - [15/6/1974;Itália] - [4/6/1986;Alemanha Ocidental] - [3/6/1978;Áustria] - [20/6/1982;Espanha] - [11/6/1978;Espanha] - [15/6/1982;Escócia] - [21/6/1978;Holanda] - [18/6/1978;Holanda] - [18/6/1978;Itália] - NAO
[16/6/1998;Escócia] - [15/6/1974;Itália] - [8/6/1958;Alemanha Ocidental] - [6/6/1962;Argentina] - [3/6/1970;Brasil] - [14/6/1970;Uruguai] - [14/6/1974;Alemanha Oriental] - [15/6/1974;Bulgária] - [14/6/1974;Escócia] - SIM
[16/6/1998;Escócia] - [2/7/2010;Holanda] - [13/6/2006;França] - [6/6/2002;França] - [29/6/1998;Holanda] - [24/6/1998;França] - [22/6/1998;Romênia] - [21/6/1998;Alemanha] - [17/6/1998;Áustria] - [19/6/1998;Nigéria] - NAO
[16/6/1998;Escócia] - [15/6/1974;Itália] - [8/6/1958;Alemanha Ocidental] - [19/6/1938;Itália] - [16/6/1954;Uruguai] - [25/6/1950;Iugoslávia] - [1/7/1950;Brasil] - [29/6/1950;Espanha] - NAO
[16/6/1998;Escócia] - [2/7/2010;Holanda] - [13/6/2006;França] - [13/6/2010;Argélia] - [21/6/2010;Portugal] - [15/6/2010;Nova Zelândia] - [19/6/2010;Gana] - [20/6/2010;Brasil] - [21/6/2010;Chile] - [20/6/2010;Eslováquia] - SIM
[16/6/1998;Escócia] - [15/6/1974;Itália] - [4/6/1986;Alemanha Ocidental] - [18/6/1990;Argentina] - [26/6/1994;Romênia] - [26/6/1990;Iugoslávia] - [21/6/1990;Uruguai] - [21/6/1990;Holanda] - [19/6/1990;Iugoslávia] - [21/6/1990;Espanha] - SIM
[16/6/1998;Escócia] - [15/6/1974;Itália] - [4/6/1986;Alemanha Ocidental] - [18/6/1990;Argentina] - [26/6/1994;Romênia] - [26/6/1990;Iugoslávia] - [21/6/1994;Alemanha] - [1/7/1990;Inglaterra] - [19/6/1994;Bélgica] - [20/6/1994;Brasil] - [19/6/1994;Noruega] - NAO
[16/6/1998;Escócia] - [15/6/1974;Itália] - [4/6/1986;Alemanha Ocidental] - [18/6/1990;Argentina] - [21/6/1986;Alemanha Ocidental] - [12/6/1986;Espanha] - [8/6/1986;Bélgica] - [11/6/1986;Inglaterra] - [11/6/1986;Marrocos] - SIM
[16/6/1998;Escócia] - [2/7/2010;Holanda] - [25/6/2014;Honduras] - [14/6/2014;Colômbia] - [19/6/2014;Uruguai] - [16/6/2014;Gana] - [15/6/2014;Argentina] - [15/6/2014;França] - [15/6/2014;Suíça] - NAO
[16/6/1998;Escócia] - [2/7/2010;Holanda] - [13/6/2006;França] - [6/6/2002;França] - [29/6/1998;Holanda] - [24/6/1998;França] - [27/6/1998;Brasil] - [26/6/1998;Argentina] - [26/6/1998;Jamaica] - NAO
[16/6/1998;Escócia] - [15/6/1974;Itália] - [4/6/1986;Alemanha Ocidental] - [3/6/1978;Áustria] - [20/6/1982;Espanha] - [11/6/1978;Espanha] - [15/6/1982;Escócia] - [21/6/1978;Holanda] - [18/6/1978;Holanda] - [18/6/1978;Itália] - NAO
[16/6/1998;Escócia] - [15/6/1974;Itália] - [8/6/1958;Alemanha Ocidental] - [19/6/1938;Itália] - [16/6/1954;Uruguai] - [26/6/1954;Uruguai] - [27/6/1954;Hungria] - [27/6/1954;Alemanha Ocidental] - NAO
[16/6/1998;Escócia] - [15/6/1974;Itália] - [8/6/1958;Alemanha Ocidental] - [6/6/1962;Argentina] - [11/6/1958;Paraguai] - [31/5/1962;União Soviética] - [3/6/1962;Espanha] - [2/6/1962;Iugoslávia] - [2/6/1962;Chile] - NAO
[16/6/1998;Escócia] - [15/6/1974;Itália] - [4/6/1986;Alemanha Ocidental] - [3/6/1978;Áustria] - [23/6/1974;Suécia] - [3/7/1974;Suécia] - [3/6/1978;Brasil] - [6/7/1974;Polônia] - SIM
[16/6/1998;Escócia] - [2/7/2010;Holanda] - [25/6/2014;Honduras] - [22/6/2018;Sérvia] - [13/7/2014;Alemanha] - [18/6/2018;Bélgica] - [15/6/2018;Marrocos] - [16/6/2018;Argentina] - [16/6/2018;Peru] - NAO
[16/6/1998;Escócia] - [15/6/1974;Itália] - [4/6/1986;Alemanha Ocidental] - [18/6/1990;Argentina] - [26/6/1994;Romênia] - [26/6/1990;Iugoslávia] - [21/6/1994;Alemanha] - [1/7/1990;Inglaterra] - [19/6/1994;Bélgica] - [20/6/1994;Brasil] - [19/6/1994;Noruega] - SIM
[16/6/1998;Escócia] - [2/7/2010;Holanda] - [25/6/2014;Honduras] - [14/6/2014;Colômbia] - [19/6/2014;Uruguai] - [22/6/2014;Coreia do Sul] - [23/6/2014;Croácia] - [25/6/2014;Bósnia e Herzegovna] - [24/6/2014;Itália] - NAO
[16/6/1998;Escócia] - [15/6/1974;Itália] - [8/6/1958;Alemanha Ocidental] - [19/6/1938;Itália] - [31/5/1934;Alemanha] - [21/7/1930;Uruguai] - [16/7/1930;Chile] - SIM
[16/6/1998;Escócia] - [2/7/2010;Holanda] - [13/6/2006;França] - [6/6/2002;França] - [29/6/1998;Holanda] - [3/6/2002;Itália] - [5/6/2002;Alemanha] - [4/6/2002;Bélgica] - [4/6/2002;Coreia do Sul] - NAO
[16/6/1998;Escócia] - [15/6/1974;Itália] - [4/6/1986;Alemanha Ocidental] - [3/6/1978;Áustria] - [20/6/1982;Espanha] - [5/7/1982;Itália] - [24/6/1982;Tchecoslováquia] - [24/6/1982;Argélia] - [21/6/1982;Honduras] - SIM
[16/6/1998;Escócia] - [15/6/1974;Itália] - [4/6/1986;Alemanha Ocidental] - [3/6/1978;Áustria] - [23/6/1974;Suécia] - [3/7/1974;Suécia] - [30/6/1974;Polônia] - [30/6/1974;Brasil] - [30/6/1974;Holanda] - SIM
[16/6/1998;Escócia] - [15/6/1974;Itália] - [4/6/1986;Alemanha Ocidental] - [18/6/1990;Argentina] - [26/6/1994;Romênia] - [26/6/1990;Iugoslávia] - [21/6/1990;Uruguai] - [24/6/1990;Alemanha Ocidental] - [23/6/1990;Camarões] - NAO
[16/6/1998;Escócia] - [2/7/2010;Holanda] - [25/6/2014;Honduras] - [22/6/2018;Sérvia] - [13/7/2014;Alemanha] - [29/6/2014;Holanda] - [28/6/2014;Colômbia] - [28/6/2014;Brasil] - [25/6/2014;Nigéria] - NAO
[16/6/1998;Escócia] - [2/7/2010;Holanda] - [13/6/2006;França] - [6/6/2002;França] - [14/6/2002;Bélgica] - [10/6/2006;Trinidad e Tobago] - [26/6/2002;Brasil] - [18/6/2002;Coreia do Sul] - [22/6/2002;Turquia] - [22/6/2002;Coreia do Sul] - NAO
[16/6/1998;Escócia] - [15/6/1974;Itália] - [4/6/1986;Alemanha Ocidental] - [18/6/1990;Argentina] - [26/6/1994;Romênia] - [3/7/1994;Suécia] - [28/6/1994;Rússia] - [30/6/1994;Nigéria] - SIM
[16/6/1998;Escócia] - [2/7/2010;Holanda] - [25/6/2014;Honduras] - [22/6/2018;Sérvia] - [13/7/2014;Alemanha] - [29/6/2014;Holanda] - [28/6/2014;Colômbia] - [28/6/2014;Brasil] - [25/6/2014;Nigéria] - NAO
[16/6/1998;Escócia] - [2/7/2010;Holanda] - [13/6/2006;França] - [13/6/2010;Argélia] - [22/6/2006;Croácia] - [27/6/2006;Brasil] - [1/7/2006;Brasil] - SIM
[16/6/1998;Escócia] - [2/7/2010;Holanda] - [25/6/2014;Honduras] - [22/6/2018;Sérvia] - [27/6/2018;Suíça] - [2/7/2018;Bélgica] - [1/7/2018;Croácia] - [30/6/2018;França] - NAO
[16/6/1998;Escócia] - [15/6/1974;Itália] - [4/6/1986;Alemanha Ocidental] - [18/6/1990;Argentina] - [26/6/1994;Romênia] - [26/6/1990;Iugoslávia] - [21/6/1994;Alemanha] - [24/6/1994;Brasil] - [25/6/1994;Bélgica] - SIM
[16/6/1998;Escócia] - [2/7/2010;Holanda] - [13/6/2006;França] - [6/6/2002;França] - [29/6/1998;Holanda] - [24/6/1998;França] - [22/6/1998;Romênia] - [21/6/1998;Alemanha] - [17/6/1998;Áustria] - SIM
[16/6/1998;Escócia] - [15/6/1974;Itália] - [8/6/1958;Alemanha Ocidental] - [6/6/1962;Argentina] - [3/6/1970;Brasil] - [15/7/1966;Hungria] - [20/7/1966;Inglaterra] - [26/7/1966;Inglaterra] - SIM
[16/6/1998;Escócia] - [15/6/1974;Itália] - [8/6/1958;Alemanha Ocidental] - [6/6/1962;Argentina] - [3/6/1970;Brasil] - [14/6/1970;Uruguai] - [14/6/1974;Alemanha Oriental] - [17/6/1970;Itália] - SIM
[16/6/1998;Escócia] - [15/6/1974;Itália] - [4/6/1986;Alemanha Ocidental] - [18/6/1990;Argentina] - [26/6/1994;Romênia] - [3/7/1994;Suécia] - [28/6/1994;Rússia] - [30/6/1994;Nigéria] - [2/7/1994;Espanha] - [3/7/1994;Romênia] - SIM
[16/6/1998;Escócia] - [15/6/1974;Itália] - [4/6/1986;Alemanha Ocidental] - [18/6/1990;Argentina] - [21/6/1986;Alemanha Ocidental] - [12/6/1986;Espanha] - [8/6/1986;Bélgica] - [5/6/1986;Argentina] - [4/6/1986;Dinamarca] - NAO
[16/6/1998;Escócia] - [2/7/2010;Holanda] - [13/6/2006;França] - [6/6/2002;França] - [14/6/2002;Bélgica] - [10/6/2006;Trinidad e Tobago] - [26/6/2002;Brasil] - [9/6/2006;Alemanha] - SIM
[16/6/1998;Escócia] - [15/6/1974;Itália] - [4/6/1986;Alemanha Ocidental] - [3/6/1978;Áustria] - [23/6/1974;Suécia] - [3/7/1974;Suécia] - [3/6/1978;Brasil] - [6/7/1974;Polônia] - [1/6/1978;Polônia] - NAO
[16/6/1998;Escócia] - [2/7/2010;Holanda] - [13/6/2006;França] - [13/6/2010;Argélia] - [22/6/2006;Croácia] - [27/6/2006;Brasil] - [1/7/2006;Brasil] - [4/7/2006;Alemanha] - [9/7/2006;Itália] - NAO
[16/6/1998;Escócia] - [15/6/1974;Itália] - [4/6/1986;Alemanha Ocidental] - [3/6/1978;Áustria] - [20/6/1982;Espanha] - [11/6/1978;Espanha] - [15/6/1982;Escócia] - [21/6/1978;Holanda] - [18/6/1978;Holanda] - [18/6/1978;Argentina] - [14/6/1978;Itália] - NAO
[16/6/1998;Escócia] - [2/7/2010;Holanda] - [25/6/2014;Honduras] - [22/6/2018;Sérvia] - [13/7/2014;Alemanha] - SIM
[16/6/1998;Escócia] - [15/6/1974;Itália] - [8/6/1958;Alemanha Ocidental] - [6/6/1962;Argentina] - [3/6/1970;Brasil] - [15/7/1966;Hungria] - [20/7/1966;Inglaterra] - [26/7/1966;Inglaterra] - [20/7/1966;União Soviética] - NAO
[16/6/1998;Escócia] - [15/6/1974;Itália] - [4/6/1986;Alemanha Ocidental] - [18/6/1990;Argentina] - [21/6/1986;Alemanha Ocidental] - [12/6/1986;Espanha] - [8/6/1986;Bélgica] - [5/6/1986;Argentina] - [6/6/1986;Inglaterra] - [5/6/1986;França] - SIM
[16/6/1998;Escócia] - [15/6/1974;Itália] - [8/6/1958;Alemanha Ocidental] - [6/6/1962;Argentina] - [11/6/1958;Paraguai] - [31/5/1962;União Soviética] - [15/6/1958;Paraguai] - [24/6/1958;Brasil] - [15/6/1958;Áustria] - [17/6/1958;União Soviética] - NAO
[16/6/1998;Escócia] - [2/7/2010;Holanda] - [13/6/2006;França] - [13/6/2010;Argélia] - [22/6/2006;Croácia] - [19/6/2006;Arábia Saudita] - [16/6/2006;Argentina] - [14/6/2006;Espanha] - [15/6/2006;Inglaterra] - SIM
[16/6/1998;Escócia] - [2/7/2010;Holanda] - [25/6/2014;Honduras] - [22/6/2018;Sérvia] - [27/6/2018;Suíça] - [26/6/2018;Islândia] - [23/6/2018;Coreia do Sul] - [26/6/2018;Australia] - [25/6/2018;Uruguai] - NAO
[16/6/1998;Escócia] - [15/6/1974;Itália] - [4/6/1986;Alemanha Ocidental] - [18/6/1990;Argentina] - [26/6/1994;Romênia] - [26/6/1990;Iugoslávia] - [21/6/1990;Uruguai] - [21/6/1990;Holanda] - [19/6/1990;Iugoslávia] - [21/6/1990;Espanha] - NAO
[16/6/1998;Escócia] - [15/6/1974;Itália] - [4/6/1986;Alemanha Ocidental] - [18/6/1990;Argentina] - [26/6/1994;Romênia] - [26/6/1990;Iugoslávia] - [21/6/1994;Alemanha] - [24/6/1994;Brasil] - [21/6/1994;Nigéria] - [22/6/1994;Suíça] - NAO
[16/6/1998;Escócia] - [15/6/1974;Itália] - [8/6/1958;Alemanha Ocidental] - [6/6/1962;Argentina] - [3/6/1970;Brasil] - [14/6/1970;Uruguai] - [14/6/1974;Alemanha Oriental] - [17/6/1970;Itália] - NAO
[16/6/1998;Escócia] - [15/6/1974;Itália] - [4/6/1986;Alemanha Ocidental] - [3/6/1978;Áustria] - [20/6/1982;Espanha] - [11/6/1978;Espanha] - [15/6/1982;Escócia] - [18/6/1982;Argentina] - [16/6/1982;Honduras] - [15/6/1982;Hungria] - NAO
[16/6/1998;Escócia] - [2/7/2010;Holanda] - [13/6/2006;França] - [13/6/2010;Argélia] - [22/6/2006;Croácia] - [19/6/2006;Arábia Saudita] - [16/6/2006;Argentina] - [17/6/2006;Itália] - [17/6/2006;República Tcheca] - NAO
[16/6/1998;Escócia] - [2/7/2010;Holanda] - [13/6/2006;França] - [13/6/2010;Argélia] - [22/6/2006;Croácia] - [19/6/2006;Arábia Saudita] - [21/6/2006;Holanda] - [20/6/2006;Equador] - [20/6/2006;Suécia] - SIM
[16/6/1998;Escócia] - [15/6/1974;Itália] - [8/6/1958;Alemanha Ocidental] - [19/6/1938;Itália] - [16/6/1954;Uruguai] - [25/6/1950;Iugoslávia] - [1/7/1950;Brasil] - [29/6/1950;Espanha] - NAO
[16/6/1998;Escócia] - [15/6/1974;Itália] - [8/6/1958;Alemanha Ocidental] - [6/6/1962;Argentina] - [11/6/1958;Paraguai] - [8/6/1958;Inglaterra] - [8/6/1958;Suécia] - [11/6/1958;Brasil] - SIM
[16/6/1998;Escócia] - [15/6/1974;Itália] - [4/6/1986;Alemanha Ocidental] - [3/6/1978;Áustria] - [20/6/1982;Espanha] - [5/7/1982;Itália] - [24/6/1982;Tchecoslováquia] - [24/6/1982;Argélia] - [21/6/1982;Honduras] - NAO
[16/6/1998;Escócia] - [15/6/1974;Itália] - [4/6/1986;Alemanha Ocidental] - [18/6/1990;Argentina] - [26/6/1994;Romênia] - [3/7/1994;Suécia] - [14/6/1998;Croácia] - [15/6/1998;Alemanha] - [14/6/1998;Iugoslávia] - SIM
[16/6/1998;Escócia] - [15/6/1974;Itália] - [8/6/1958;Alemanha Ocidental] - [6/6/1962;Argentina] - [3/6/1970;Brasil] - [14/6/1970;Uruguai] - [10/6/1970;Alemanha Ocidental] - [10/6/1970;Suécia] - [11/6/1970;Inglaterra] - NAO
[16/6/1998;Escócia] - [15/6/1974;Itália] - [4/6/1986;Alemanha Ocidental] - [3/6/1978;Áustria] - [20/6/1982;Espanha] - [11/6/1978;Espanha] - [15/6/1982;Escócia] - [21/6/1978;Holanda] - [18/6/1978;Holanda] - [18/6/1978;Argentina] - [14/6/1978;Itália] - NAO
[16/6/1998;Escócia] - [2/7/2010;Holanda] - [13/6/2006;França] - [6/6/2002;França] - [14/6/2002;Bélgica] - [10/6/2006;Trinidad e Tobago] - [11/6/2006;Sérvia e Montenegro] - [13/6/2006;Brasil] - [12/6/2006;Estados Unidos] - SIM
[16/6/1998;Escócia] - [15/6/1974;Itália] - [4/6/1986;Alemanha Ocidental] - [18/6/1990;Argentina] - [26/6/1994;Romênia] - [3/7/1994;Suécia] - [28/6/1994;Rússia] - [30/6/1994;Nigéria] - [30/6/1994;Bulgária] - SIM
[16/6/1998;Escócia] - [15/6/1974;Itália] - [4/6/1986;Alemanha Ocidental] - [18/6/1990;Argentina] - [26/6/1994;Romênia] - [3/7/1994;Suécia] - [14/6/1998;Croácia] - [16/7/1994;Suécia] - [13/6/1998;Bélgica] - [11/6/1998;Áustria] - [10/6/1998;Noruega] - NAO
[16/6/1998;Escócia] - [2/7/2010;Holanda] - [25/6/2014;Honduras] - [14/6/2014;Colômbia] - [19/6/2014;Uruguai] - [22/6/2014;Coreia do Sul] - [23/6/2014;Croácia] - [25/6/2014;Bósnia e Herzegovna] - [24/6/2014;Itália] - NAO
[16/6/1998;Escócia] - [2/7/2010;Holanda] - [13/6/2006;França] - [6/6/2002;França] - [14/6/2002;Bélgica] - [10/6/2002;Bélgica] - [12/6/2002;Paraguai] - [12/6/2002;Espanha] - [11/6/2002;Irlanda] - [10/6/2002;Portugal] - NAO
[16/6/1998;Escócia] - [2/7/2010;Holanda] - [13/6/2006;França] - [13/6/2010;Argélia] - [22/6/2006;Croácia] - [19/6/2006;Arábia Saudita] - [16/6/2006;Argentina] - [14/6/2006;Espanha] - [15/6/2006;Inglaterra] - NAO
[16/6/1998;Escócia] - [2/7/2010;Holanda] - [13/6/2006;França] - [6/6/2002;França] - [14/6/2002;Bélgica] - [10/6/2006;Trinidad e Tobago] - [26/6/2002;Brasil] - [18/6/2002;Coreia do Sul] - [17/6/2002;Estados Unidos] - [14/6/2002;Polônia] - NAO
[16/6/1998;Escócia] - [15/6/1974;Itália] - [4/6/1986;Alemanha Ocidental] - [3/6/1978;Áustria] - [20/6/1982;Espanha] - [5/7/1982;Itália] - [31/5/1986;Itália] - [3/6/1986;Argélia] - SIM
[16/6/1998;Escócia] - [15/6/1974;Itália] - [4/6/1986;Alemanha Ocidental] - [18/6/1990;Argentina] - [21/6/1986;Alemanha Ocidental] - [10/6/1990;Alemanha Ocidental] - [25/6/1986;Alemanha Ocidental] - [28/6/1986;França] - [9/6/1990;Itália] - [9/6/1990;Colômbia] - NAO
[16/6/1998;Escócia] - [15/6/1974;Itália] - [4/6/1986;Alemanha Ocidental] - [18/6/1990;Argentina] - [26/6/1994;Romênia] - [26/6/1990;Iugoslávia] - [21/6/1990;Uruguai] - [24/6/1990;Alemanha Ocidental] - [23/6/1990;Camarões] - SIM
[16/6/1998;Escócia] - [2/7/2010;Holanda] - [13/6/2006;França] - [6/6/2002;França] - [14/6/2002;Bélgica] - [10/6/2006;Trinidad e Tobago] - [26/6/2002;Brasil] - [18/6/2002;Coreia do Sul] - SIM
[16/6/1998;Escócia] - [15/6/1974;Itália] - [8/6/1958;Alemanha Ocidental] - [6/6/1962;Argentina] - [3/6/1970;Brasil] - [14/6/1970;Uruguai] - [10/6/1970;Alemanha Ocidental] - [6/6/1970;Peru] - [7/6/1970;Israel] - [6/6/1970;Uruguai] - NAO
[16/6/1998;Escócia] - [15/6/1974;Itália] - [8/6/1958;Alemanha Ocidental] - [19/6/1938;Itália] - [31/5/1934;Alemanha] - [9/6/1938;Cuba] - [5/6/1938;Brasil] - [5/6/1938;Hungria] - SIM
[16/6/1998;Escócia] - [15/6/1974;Itália] - [4/6/1986;Alemanha Ocidental] - [3/6/1978;Áustria] - [20/6/1982;Espanha] - [11/6/1978;Espanha] - [15/6/1982;Escócia] - [21/6/1978;Holanda] - [14/6/1982;Brasil] - [25/6/1978;Argentina] - NAO
[16/6/1998;Escócia] - [15/6/1974;Itália] - [4/6/1986;Alemanha Ocidental] - [18/6/1990;Argentina] - [26/6/1994;Romênia] - [26/6/1990;Iugoslávia] - [21/6/1994;Alemanha] - [1/7/1990;Inglaterra] - [30/6/1990;Itália] - [30/6/1990;Argentina] - SIM
[16/6/1998;Escócia] - [15/6/1974;Itália] - [4/6/1986;Alemanha Ocidental] - [18/6/1990;Argentina] - [21/6/1986;Alemanha Ocidental] - [10/6/1990;Alemanha Ocidental] - [11/6/1990;Inglaterra] - [17/6/1990;Bélgica] - [14/6/1990;Camarões] - [13/6/1990;Espanha] - NAO
[16/6/1998;Escócia] - [15/6/1974;Itália] - [8/6/1958;Alemanha Ocidental] - [19/6/1938;Itália] - [31/5/1934;Alemanha] - [9/6/1938;Cuba] - [14/6/1938;Tchecoslováquia] - [12/6/1938;Brasil] - [12/6/1938;Hungria] - NAO
[16/6/1998;Escócia] - [15/6/1974;Itália] - [4/6/1986;Alemanha Ocidental] - [18/6/1990;Argentina] - [26/6/1994;Romênia] - [26/6/1990;Iugoslávia] - [21/6/1990;Uruguai] - [21/6/1990;Holanda] - [19/6/1990;Iugoslávia] - [18/6/1990;União Soviética] - NAO
[16/6/1998;Escócia] - [15/6/1974;Itália] - [4/6/1986;Alemanha Ocidental] - [3/6/1978;Áustria] - [20/6/1982;Espanha] - [11/6/1978;Espanha] - [15/6/1982;Escócia] - [21/6/1978;Holanda] - [18/6/1978;Holanda] - [18/6/1978;Argentina] - [14/6/1978;Itália] - NAO
[16/6/1998;Escócia] - [2/7/2010;Holanda] - [13/6/2006;França] - [6/6/2002;França] - [14/6/2002;Bélgica] - [10/6/2006;Trinidad e Tobago] - [26/6/2002;Brasil] - [9/6/2006;Alemanha] - [10/6/2006;Inglaterra] - SIM
[16/6/1998;Escócia] - [15/6/1974;Itália] - [4/6/1986;Alemanha Ocidental] - [18/6/1990;Argentina] - [26/6/1994;Romênia] - [3/7/1994;Suécia] - [14/6/1998;Croácia] - [16/7/1994;Suécia] - [10/7/1994;Bulgária] - [13/7/1994;Brasil] - NAO
[16/6/1998;Escócia] - [15/6/1974;Itália] - [4/6/1986;Alemanha Ocidental] - [18/6/1990;Argentina] - [26/6/1994;Romênia] - [3/7/1994;Suécia] - [28/6/1994;Rússia] - [30/6/1994;Nigéria] - [2/7/1994;Espanha] - [2/7/1994;Alemanha] - SIM
[16/6/1998;Escócia] - [15/6/1974;Itália] - [4/6/1986;Alemanha Ocidental] - [3/6/1978;Áustria] - [20/6/1982;Espanha] - [5/7/1982;Itália] - [31/5/1986;Itália] - [3/6/1986;Argélia] - [3/6/1986;Portugal] - SIM
[16/6/1998;Escócia] - [15/6/1974;Itália] - [4/6/1986;Alemanha Ocidental] - [18/6/1990;Argentina] - [26/6/1994;Romênia] - [26/6/1990;Iugoslávia] - [21/6/1994;Alemanha] - [24/6/1994;Brasil] - SIM
[16/6/1998;Escócia] - [15/6/1974;Itália] - [8/6/1958;Alemanha Ocidental] - [19/6/1938;Itália] - [31/5/1934;Alemanha] - [21/7/1930;Uruguai] - [27/5/1934;Espanha] - [22/7/1930;Argentina] - SIM
[16/6/1998;Escócia] - [15/6/1974;Itália] - [8/6/1958;Alemanha Ocidental] - [6/6/1962;Argentina] - [11/6/1958;Paraguai] - [31/5/1962;União Soviética] - [15/6/1958;Paraguai] - [24/6/1958;Brasil] - SIM
[16/6/1998;Escócia] - [2/7/2010;Holanda] - [13/6/2006;França] - [6/6/2002;França] - [29/6/1998;Holanda] - [24/6/1998;França] - [22/6/1998;Romênia] - [21/6/1998;Alemanha] - [17/6/1998;Áustria] - [19/6/1998;Nigéria] - NAO
[16/6/1998;Escócia] - [2/7/2010;Holanda] - [25/6/2014;Honduras] - [22/6/2018;Sérvia] - [13/7/2014;Alemanha] - [18/6/2018;Bélgica] - [20/6/2018;Irã] - [19/6/2018;Colombia] - [19/6/2018;Russia] - NAO
[16/6/1998;Escócia] - [15/6/1974;Itália] - [8/6/1958;Alemanha Ocidental] - [6/6/1962;Argentina] - [11/6/1958;Paraguai] - [31/5/1962;União Soviética] - [15/6/1958;Paraguai] - [15/6/1958;Brasil] - [11/6/1958;União Soviética] - [12/6/1958;Suécia] - NAO
[16/6/1998;Escócia] - [15/6/1974;Itália] - [4/6/1986;Alemanha Ocidental] - [18/6/1990;Argentina] - [26/6/1994;Romênia] - [26/6/1990;Iugoslávia] - [21/6/1994;Alemanha] - [1/7/1990;Inglaterra] - [19/6/1994;Bélgica] - [8/7/1990;Alemanha Ocidental] - [4/7/1990;Alemanha Ocidental] - NAO
[16/6/1998;Escócia] - [15/6/1974;Itália] - [4/6/1986;Alemanha Ocidental] - [18/6/1990;Argentina] - [26/6/1994;Romênia] - [26/6/1990;Iugoslávia] - SIM
[16/6/1998;Escócia] - [15/6/1974;Itália] - [4/6/1986;Alemanha Ocidental] - [3/6/1978;Áustria] - [23/6/1974;Suécia] - [19/6/1974;Polônia] - [22/6/1974;Brasil] - [23/6/1974;Holanda] - NAO
[16/6/1998;Escócia] - [2/7/2010;Holanda] - [13/6/2006;França] - [6/6/2002;França] - [14/6/2002;Bélgica] - [10/6/2002;Bélgica] - [12/6/2002;Paraguai] - [12/6/2002;Espanha] - [11/6/2002;Irlanda] - [10/6/2002;Portugal] - NAO
[16/6/1998;Escócia] - [2/7/2010;Holanda] - [13/6/2006;França] - [6/6/2002;França] - [29/6/1998;Holanda] - [24/6/1998;França] - [27/6/1998;Brasil] - [26/6/1998;Argentina] - [25/6/1998;Holanda] - NAO
[16/6/1998;Escócia] - [15/6/1974;Itália] - [8/6/1958;Alemanha Ocidental] - [19/6/1938;Itália] - [31/5/1934;Alemanha] - [9/6/1938;Cuba] - [14/6/1938;Tchecoslováquia] - [16/6/1938;Hungria] - NAO
[16/6/1998;Escócia] - [15/6/1974;Itália] - [8/6/1958;Alemanha Ocidental] - [6/6/1962;Argentina] - [11/6/1958;Paraguai] - [31/5/1962;União Soviética] - [15/6/1958;Paraguai] - [24/6/1958;Brasil] - [30/5/1962;Uruguai] - [29/6/1958;Brasil] - NAO
[16/6/1998;Escócia] - [15/6/1974;Itália] - [4/6/1986;Alemanha Ocidental] - [3/6/1978;Áustria] - [20/6/1982;Espanha] - [11/6/1978;Espanha] - [7/6/1978;Holanda] - [10/6/1978;França] - [10/6/1978;Tunísia] - NAO
[16/6/1998;Escócia] - [15/6/1974;Itália] - [8/6/1958;Alemanha Ocidental] - [19/6/1938;Itália] - [16/6/1954;Uruguai] - [26/6/1954;Uruguai] - [19/6/1954;Uruguai] - [19/6/1954;França] - [17/6/1954;Hungria] - NAO
[16/6/1998;Escócia] - [2/7/2010;Holanda] - [25/6/2014;Honduras] - [22/6/2018;Sérvia] - [27/6/2018;Suíça] - [26/6/2018;Islândia] - [23/6/2018;Coreia do Sul] - [26/6/2018;Australia] - [25/6/2018;Uruguai] - SIM
[16/6/1998;Escócia] - [15/6/1974;Itália] - [4/6/1986;Alemanha Ocidental] - [18/6/1990;Argentina] - [26/6/1994;Romênia] - [26/6/1990;Iugoslávia] - [21/6/1990;Uruguai] - SIM
[16/6/1998;Escócia] - [2/7/2010;Holanda] - [25/6/2014;Honduras] - [22/6/2018;Sérvia] - [13/7/2014;Alemanha] - [18/6/2018;Bélgica] - [15/6/2018;Marrocos] - [16/6/2018;Argentina] - [16/6/2018;Peru] - SIM
[16/6/1998;Escócia] - [2/7/2010;Holanda] - [25/6/2014;Honduras] - [22/6/2018;Sérvia] - [27/6/2018;Suíça] - [2/7/2018;Bélgica] - [10/7/2018;França] - [7/7/2018;Rússia] - SIM
[16/6/1998;Escócia] - [15/6/1974;Itália] - [4/6/1986;Alemanha Ocidental] - [3/6/1978;Áustria] - [20/6/1982;Espanha] - [5/7/1982;Itália] - [24/6/1982;Tchecoslováquia] - [24/6/1982;Argélia] - [21/6/1982;Honduras] - [21/6/1982;França] - NAO
[16/6/1998;Escócia] - [2/7/2010;Holanda] - [13/6/2006;França] - [6/6/2002;França] - [29/6/1998;Holanda] - [3/6/2002;Itália] - [5/6/2002;Alemanha] - SIM
[16/6/1998;Escócia] - [15/6/1974;Itália] - [4/6/1986;Alemanha Ocidental] - [18/6/1990;Argentina] - [21/6/1986;Alemanha Ocidental] - [10/6/1990;Alemanha Ocidental] - [11/6/1990;Inglaterra] - [17/6/1990;Bélgica] - [14/6/1990;Camarões] - [15/6/1990;Tchecoslováquia] - NAO
[16/6/1998;Escócia] - [2/7/2010;Holanda] - [25/6/2014;Honduras] - [22/6/2018;Sérvia] - [13/7/2014;Alemanha] - [18/6/2018;Bélgica] - [20/6/2018;Irã] - SIM
[16/6/1998;Escócia] - [15/6/1974;Itália] - [8/6/1958;Alemanha Ocidental] - [6/6/1962;Argentina] - [3/6/1970;Brasil] - [14/6/1970;Uruguai] - [10/6/1970;Alemanha Ocidental] - [10/6/1970;Suécia] - [11/6/1970;Inglaterra] - [11/6/1970;Itália] - NAO
[16/6/1998;Escócia] - [15/6/1974;Itália] - [4/6/1986;Alemanha Ocidental] - [18/6/1990;Argentina] - [26/6/1994;Romênia] - SIM
[16/6/1998;Escócia] - [15/6/1974;Itália] - [4/6/1986;Alemanha Ocidental] - [18/6/1990;Argentina] - [21/6/1986;Alemanha Ocidental] - [12/6/1986;Espanha] - [8/6/1986;Bélgica] - [11/6/1986;Inglaterra] - [11/6/1986;Marrocos] - NAO
[16/6/1998;Escócia] - [15/6/1974;Itália] - [8/6/1958;Alemanha Ocidental] - [19/6/1938;Itália] - [16/6/1954;Uruguai] - [25/6/1950;Iugoslávia] - [1/7/1950;Brasil] - [29/6/1950;Espanha] - NAO
[16/6/1998;Escócia] - [15/6/1974;Itália] - [8/6/1958;Alemanha Ocidental] - [6/6/1962;Argentina] - [3/6/1970;Brasil] - [14/6/1970;Uruguai] - [14/6/1974;Alemanha Oriental] - [17/6/1970;Itália] - NAO
[16/6/1998;Escócia] - [15/6/1974;Itália] - [8/6/1958;Alemanha Ocidental] - [19/6/1938;Itália] - [31/5/1934;Alemanha] - [21/7/1930;Uruguai] - [27/5/1934;Espanha] - [27/5/1934;Suíça] - [27/5/1934;Áustria] - NAO
[16/6/1998;Escócia] - [15/6/1974;Itália] - [4/6/1986;Alemanha Ocidental] - [18/6/1990;Argentina] - [21/6/1986;Alemanha Ocidental] - [12/6/1986;Espanha] - [8/6/1986;Bélgica] - [11/6/1986;Inglaterra] - [8/6/1986;Dinamarca] - [10/6/1986;Itália] - NAO
[16/6/1998;Escócia] - [15/6/1974;Itália] - [8/6/1958;Alemanha Ocidental] - [6/6/1962;Argentina] - [11/6/1958;Paraguai] - [31/5/1962;União Soviética] - [3/6/1962;Espanha] - [6/6/1962;Alemanha Ocidental] - [3/6/1962;União Soviética] - NAO
[16/6/1998;Escócia] - [2/7/2010;Holanda] - [13/6/2006;França] - [13/6/2010;Argélia] - [22/6/2006;Croácia] - [27/6/2006;Brasil] - [1/7/2006;Brasil] - [4/7/2006;Alemanha] - [9/7/2006;Itália] - [12/6/2010;Inglaterra] - NAO
[16/6/1998;Escócia] - [15/6/1974;Itália] - [4/6/1986;Alemanha Ocidental] - [3/6/1978;Áustria] - [20/6/1982;Espanha] - SIM
[16/6/1998;Escócia] - [15/6/1974;Itália] - [8/6/1958;Alemanha Ocidental] - [6/6/1962;Argentina] - [3/6/1970;Brasil] - [15/7/1966;Hungria] - SIM
[16/6/1998;Escócia] - [2/7/2010;Holanda] - [13/6/2006;França] - [6/6/2002;França] - [14/6/2002;Bélgica] - [10/6/2002;Bélgica] - [12/6/2002;Paraguai] - [12/6/2002;Suécia] - [13/6/2002;Brasil] - NAO
[16/6/1998;Escócia] - [15/6/1974;Itália] - [8/6/1958;Alemanha Ocidental] - [19/6/1938;Itália] - [16/6/1954;Uruguai] - [26/6/1954;Uruguai] - [19/6/1954;Uruguai] - [20/6/1954;Inglaterra] - NAO
[16/6/1998;Escócia] - [15/6/1974;Itália] - [8/6/1958;Alemanha Ocidental] - [6/6/1962;Argentina] - [11/6/1958;Paraguai] - [31/5/1962;União Soviética] - [3/6/1962;Espanha] - [6/6/1962;Alemanha Ocidental] - SIM
[16/6/1998;Escócia] - [15/6/1974;Itália] - [8/6/1958;Alemanha Ocidental] - [6/6/1962;Argentina] - [11/6/1958;Paraguai] - [31/5/1962;União Soviética] - [15/6/1958;Paraguai] - [24/6/1958;Brasil] - [30/5/1962;Uruguai] - SIM
[16/6/1998;Escócia] - [15/6/1974;Itália] - [8/6/1958;Alemanha Ocidental] - [6/6/1962;Argentina] - [3/6/1970;Brasil] - [14/6/1970;Uruguai] - [10/6/1970;Alemanha Ocidental] - [6/6/1970;Peru] - [7/6/1970;Israel] - NAO
[16/6/1998;Escócia] - [2/7/2010;Holanda] - [25/6/2014;Honduras] - [14/6/2014;Colômbia] - [19/6/2014;Uruguai] - [16/6/2014;Gana] - [19/6/2014;Colômbia] - [17/6/2014;Brasil] - NAO
[16/6/1998;Escócia] - [15/6/1974;Itália] - [4/6/1986;Alemanha Ocidental] - [3/6/1978;Áustria] - [20/6/1982;Espanha] - [11/6/1978;Espanha] - [15/6/1982;Escócia] - [21/6/1978;Holanda] - [18/6/1978;Holanda] - [18/6/1978;Argentina] - [14/6/1978;Itália] - SIM
[16/6/1998;Escócia] - [15/6/1974;Itália] - [8/6/1958;Alemanha Ocidental] - [6/6/1962;Argentina] - [11/6/1958;Paraguai] - [8/6/1958;Inglaterra] - [8/6/1958;França] - [8/6/1958;Escócia] - SIM
[16/6/1998;Escócia] - [2/7/2010;Holanda] - [25/6/2014;Honduras] - [22/6/2018;Sérvia] - [13/7/2014;Alemanha] - [29/6/2014;Holanda] - [5/7/2014;Argentina] - [1/7/2014;Argentina] - [4/7/2014;Brasil] - SIM
[16/6/1998;Escócia] - [15/6/1974;Itália] - [4/6/1986;Alemanha Ocidental] - [3/6/1978;Áustria] - [23/6/1974;Suécia] - [3/7/1974;Suécia] - [3/6/1978;Brasil] - [3/6/1978;Peru] - [3/6/1978;Holanda] - SIM
[16/6/1998;Escócia] - [2/7/2010;Holanda] - [25/6/2014;Honduras] - [22/6/2018;Sérvia] - [13/7/2014;Alemanha] - [29/6/2014;Holanda] - [28/6/2014;Colômbia] - [29/6/2014;Costa Rica] - SIM
[16/6/1998;Escócia] - [2/7/2010;Holanda] - [13/6/2006;França] - [6/6/2002;França] - [29/6/1998;Holanda] - [24/6/1998;França] - [22/6/1998;Romênia] - [21/6/1998;Alemanha] - [21/6/1998;Irã] - SIM
[16/6/1998;Escócia] - [2/7/2010;Holanda] - [25/6/2014;Honduras] - [22/6/2018;Sérvia] - [27/6/2018;Suíça] - [2/7/2018;Bélgica] - [1/7/2018;Croácia] - [1/7/2018;Espanha] - SIM
[16/6/1998;Escócia] - [2/7/2010;Holanda] - [13/6/2006;França] - [13/6/2010;Argélia] - [21/6/2010;Portugal] - [25/6/2010;Chile] - [28/6/2010;Brasil] - [29/6/2010;Paraguai] - [29/6/2010;Espanha] - NAO
[16/6/1998;Escócia] - [15/6/1974;Itália] - [8/6/1958;Alemanha Ocidental] - [6/6/1962;Argentina] - [3/6/1970;Brasil] - [15/7/1966;Hungria] - [20/7/1966;Inglaterra] - [19/7/1966;Argentina] - [19/7/1966;Portugal] - NAO
[16/6/1998;Escócia] - [2/7/2010;Holanda] - [13/6/2006;França] - [6/6/2002;França] - [29/6/1998;Holanda] - [3/6/2002;Itália] - [1/6/2002;Alemanha] - [3/7/1998;França] - [31/5/2002;França] - NAO
[16/6/1998;Escócia] - [15/6/1974;Itália] - [8/6/1958;Alemanha Ocidental] - [6/6/1962;Argentina] - [11/6/1958;Paraguai] - [31/5/1962;União Soviética] - [15/6/1958;Paraguai] - [15/6/1958;Brasil] - SIM
[16/6/1998;Escócia] - [2/7/2010;Holanda] - [13/6/2006;França] - [6/6/2002;França] - [29/6/1998;Holanda] - [3/6/2002;Itália] - [1/6/2002;Alemanha] - [2/6/2002;Argentina] - [1/6/2002;Irlanda] - NAO
[16/6/1998;Escócia] - [2/7/2010;Holanda] - SIM
[16/6/1998;Escócia] - [15/6/1974;Itália] - [4/6/1986;Alemanha Ocidental] - [3/6/1978;Áustria] - [20/6/1982;Espanha] - [11/6/1978;Espanha] - [7/6/1978;Holanda] - [10/6/1978;França] - [7/6/1978;Áustria] - [7/6/1978;Irã] - SIM
[16/6/1998;Escócia] - [15/6/1974;Itália] - [4/6/1986;Alemanha Ocidental] - [3/6/1978;Áustria] - [23/6/1974;Suécia] - [19/6/1974;Polônia] - SIM
[16/6/1998;Escócia] - [15/6/1974;Itália] - [8/6/1958;Alemanha Ocidental] - [6/6/1962;Argentina] - [11/6/1958;Paraguai] - [31/5/1962;União Soviética] - [15/6/1958;Paraguai] - [15/6/1958;Brasil] - [11/6/1958;União Soviética] - SIM
[16/6/1998;Escócia] - [15/6/1974;Itália] - [8/6/1958;Alemanha Ocidental] - [6/6/1962;Argentina] - [3/6/1970;Brasil] - [14/6/1970;Uruguai] - [10/6/1970;Alemanha Ocidental] - [10/6/1970;Suécia] - [11/6/1970;Inglaterra] - SIM
[16/6/1998;Escócia] - [15/6/1974;Itália] - [8/6/1958;Alemanha Ocidental] - [19/6/1938;Itália] - [16/6/1954;Uruguai] - [25/6/1950;Iugoslávia] - SIM
[16/6/1998;Escócia] - [2/7/2010;Holanda] - [25/6/2014;Honduras] - [14/6/2014;Colômbia] - [19/6/2014;Uruguai] - [16/6/2014;Gana] - [15/6/2014;Argentina] - [14/6/2014;Inglaterra] - [14/6/2014;Costa do Marfim] - SIM
[16/6/1998;Escócia] - [15/6/1974;Itália] - [4/6/1986;Alemanha Ocidental] - [3/6/1978;Áustria] - [20/6/1982;Espanha] - [11/6/1978;Espanha] - [15/6/1982;Escócia] - [18/6/1982;Argentina] - [16/6/1982;Honduras] - [17/6/1982;Áustria] - [17/6/1982;Irlanda do Norte] - SIM
[16/6/1998;Escócia] - [15/6/1974;Itália] - [4/6/1986;Alemanha Ocidental] - [3/6/1978;Áustria] - [23/6/1974;Suécia] - [19/6/1974;Polônia] - [22/6/1974;Brasil] - [23/6/1974;Holanda] - SIM
[16/6/1998;Escócia] - [15/6/1974;Itália] - [8/6/1958;Alemanha Ocidental] - [19/6/1938;Itália] - [16/6/1954;Uruguai] - [25/6/1950;Iugoslávia] - [1/7/1950;Brasil] - [16/7/1950;Suécia] - [3/7/1950;Brasil] - NAO
[16/6/1998;Escócia] - [2/7/2010;Holanda] - [25/6/2014;Honduras] - [22/6/2018;Sérvia] - [27/6/2018;Suíça] - [26/6/2018;Islândia] - [23/6/2018;Coreia do Sul] - SIM
[16/6/1998;Escócia] - [2/7/2010;Holanda] - [13/6/2006;França] - [6/6/2002;França] - [29/6/1998;Holanda] - [24/6/1998;França] - [22/6/1998;Romênia] - [23/6/1998;Noruega] - [23/6/1998;Chile] - SIM
[16/6/1998;Escócia] - [15/6/1974;Itália] - [4/6/1986;Alemanha Ocidental] - [18/6/1990;Argentina] - [26/6/1994;Romênia] - [26/6/1990;Iugoslávia] - [21/6/1990;Uruguai] - [21/6/1990;Holanda] - [19/6/1990;Iugoslávia] - [18/6/1990;União Soviética] - NAO
[16/6/1998;Escócia] - [2/7/2010;Holanda] - [13/6/2006;França] - [13/6/2010;Argélia] - [22/6/2006;Croácia] - [19/6/2006;Arábia Saudita] - [21/6/2006;Holanda] - [21/6/2006;Irã] - SIM
[16/6/1998;Escócia] - [15/6/1974;Itália] - [4/6/1986;Alemanha Ocidental] - [18/6/1990;Argentina] - [26/6/1994;Romênia] - [26/6/1990;Iugoslávia] - [21/6/1994;Alemanha] - [1/7/1990;Inglaterra] - [30/6/1990;Itália] - SIM
[16/6/1998;Escócia] - [2/7/2010;Holanda] - [13/6/2006;França] - [6/6/2002;França] - [29/6/1998;Holanda] - [24/6/1998;França] - [27/6/1998;Brasil] - [26/6/1998;Argentina] - SIM
[16/6/1998;Escócia] - [15/6/1974;Itália] - [4/6/1986;Alemanha Ocidental] - [3/6/1978;Áustria] - [23/6/1974;Suécia] - [3/7/1974;Suécia] - [30/6/1974;Polônia] - [30/6/1974;Brasil] - [26/6/1974;Holanda] - NAO
[16/6/1998;Escócia] - [2/7/2010;Holanda] - [13/6/2006;França] - [13/6/2010;Argélia] - [21/6/2010;Portugal] - [15/6/2010;Nova Zelândia] - [19/6/2010;Gana] - [18/6/2010;Eslovênia] - [17/6/2010;França] - NAO
[16/6/1998;Escócia] - [15/6/1974;Itália] - [8/6/1958;Alemanha Ocidental] - [19/6/1938;Itália] - [16/6/1954;Uruguai] - [26/6/1954;Uruguai] - [19/6/1954;Uruguai] - [20/6/1954;Inglaterra] - NAO
[16/6/1998;Escócia] - [15/6/1974;Itália] - [8/6/1958;Alemanha Ocidental] - [6/6/1962;Argentina] - [3/6/1970;Brasil] - [15/7/1966;Hungria] - [20/7/1966;Inglaterra] - [26/7/1966;Inglaterra] - [2/6/1970;Peru] - NAO
[16/6/1998;Escócia] - [15/6/1974;Itália] - [8/6/1958;Alemanha Ocidental] - [6/6/1962;Argentina] - [3/6/1970;Brasil] - [14/6/1970;Uruguai] - [14/6/1974;Alemanha Oriental] - [17/6/1970;Itália] - NAO
[16/6/1998;Escócia] - [15/6/1974;Itália] - [8/6/1958;Alemanha Ocidental] - [6/6/1962;Argentina] - [3/6/1970;Brasil] - [15/7/1966;Hungria] - [20/7/1966;Inglaterra] - [19/7/1966;Argentina] - [16/7/1966;União Soviética] - NAO
[16/6/1998;Escócia] - [15/6/1974;Itália] - [8/6/1958;Alemanha Ocidental] - [6/6/1962;Argentina] - [3/6/1970;Brasil] - [15/7/1966;Hungria] - [10/6/1962;Iugoslávia] - [12/7/1966;Alemanha Ocidental] - [16/6/1962;Chile] - SIM
[16/6/1998;Escócia] - [2/7/2010;Holanda] - [13/6/2006;França] - [13/6/2010;Argélia] - [22/6/2006;Croácia] - [27/6/2006;Brasil] - [23/6/2006;Ucrânia] - [24/6/2006;Argentina] - [24/6/2006;Alemanha] - SIM
[16/6/1998;Escócia] - [15/6/1974;Itália] - [8/6/1958;Alemanha Ocidental] - [19/6/1938;Itália] - [31/5/1934;Alemanha] - [9/6/1938;Cuba] - SIM
[16/6/1998;Escócia] - [15/6/1974;Itália] - [4/6/1986;Alemanha Ocidental] - [18/6/1990;Argentina] - [26/6/1994;Romênia] - [26/6/1990;Iugoslávia] - [21/6/1994;Alemanha] - [1/7/1990;Inglaterra] - [19/6/1994;Bélgica] - [8/7/1990;Alemanha Ocidental] - [17/6/1994;Coreia do Sul] - NAO
[16/6/1998;Escócia] - [2/7/2010;Holanda] - [25/6/2014;Honduras] - [22/6/2018;Sérvia] - [27/6/2018;Suíça] - [26/6/2018;Islândia] - [23/6/2018;Coreia do Sul] - [26/6/2018;Australia] - SIM
[16/6/1998;Escócia] - [15/6/1974;Itália] - [4/6/1986;Alemanha Ocidental] - [18/6/1990;Argentina] - [26/6/1994;Romênia] - [3/7/1994;Suécia] - [14/6/1998;Croácia] - [15/6/1998;Alemanha] - SIM
[16/6/1998;Escócia] - [2/7/2010;Holanda] - [13/6/2006;França] - [13/6/2010;Argélia] - [21/6/2010;Portugal] - [15/6/2010;Nova Zelândia] - [19/6/2010;Gana] - [20/6/2010;Brasil] - SIM
[16/6/1998;Escócia] - [15/6/1974;Itália] - [8/6/1958;Alemanha Ocidental] - [19/6/1938;Itália] - [16/6/1954;Uruguai] - [25/6/1950;Iugoslávia] - [1/7/1950;Brasil] - [16/7/1950;Suécia] - [3/7/1950;Brasil] - SIM
[16/6/1998;Escócia] - [2/7/2010;Holanda] - [13/6/2006;França] - [13/6/2010;Argélia] - [22/6/2006;Croácia] - [27/6/2006;Brasil] - [1/7/2006;Brasil] - [30/6/2006;Alemanha] - SIM
[16/6/1998;Escócia] - [2/7/2010;Holanda] - [13/6/2006;França] - [13/6/2010;Argélia] - [22/6/2006;Croácia] - [19/6/2006;Arábia Saudita] - [16/6/2006;Argentina] - [17/6/2006;Itália] - SIM
[16/6/1998;Escócia] - [2/7/2010;Holanda] - [25/6/2014;Honduras] - [22/6/2018;Sérvia] - [27/6/2018;Suíça] - [26/6/2018;Islândia] - [23/6/2018;Coreia do Sul] - [26/6/2018;Australia] - [25/6/2018;Uruguai] - NAO
[16/6/1998;Escócia] - [2/7/2010;Holanda] - [25/6/2014;Honduras] - [22/6/2018;Sérvia] - [13/7/2014;Alemanha] - [29/6/2014;Holanda] - [5/7/2014;Argentina] - [1/7/2014;Argentina] - SIM
[16/6/1998;Escócia] - [15/6/1974;Itália] - [8/6/1958;Alemanha Ocidental] - [6/6/1962;Argentina] - [3/6/1970;Brasil] - [14/6/1970;Uruguai] - [10/6/1970;Alemanha Ocidental] - [10/6/1970;Suécia] - [10/6/1970;Brasil] - SIM
[16/6/1998;Escócia] - [15/6/1974;Itália] - [8/6/1958;Alemanha Ocidental] - [6/6/1962;Argentina] - [11/6/1958;Paraguai] - [31/5/1962;União Soviética] - [3/6/1962;Espanha] - [2/6/1962;Iugoslávia] - [3/6/1962;Alemanha Ocidental] - SIM
[16/6/1998;Escócia] - [15/6/1974;Itália] - [4/6/1986;Alemanha Ocidental] - [18/6/1990;Argentina] - [26/6/1994;Romênia] - [3/7/1994;Suécia] - [14/6/1998;Croácia] - [16/7/1994;Suécia] - [13/6/1998;Bélgica] - [11/6/1998;Áustria] - [12/6/1998;Dinamarca] - NAO
[16/6/1998;Escócia] - [15/6/1974;Itália] - [4/6/1986;Alemanha Ocidental] - [18/6/1990;Argentina] - [26/6/1994;Romênia] - [3/7/1994;Suécia] - [14/6/1998;Croácia] - [16/7/1994;Suécia] - [13/6/1998;Bélgica] - [13/6/1998;México] - NAO
[16/6/1998;Escócia] - [15/6/1974;Itália] - [4/6/1986;Alemanha Ocidental] - [3/6/1978;Áustria] - [20/6/1982;Espanha] - [11/6/1978;Espanha] - [15/6/1982;Escócia] - [21/6/1978;Holanda] - [18/6/1978;Holanda] - [18/6/1978;Itália] - NAO
[16/6/1998;Escócia] - [15/6/1974;Itália] - [4/6/1986;Alemanha Ocidental] - [18/6/1990;Argentina] - [21/6/1986;Alemanha Ocidental] - [10/6/1990;Alemanha Ocidental] - [25/6/1986;Alemanha Ocidental] - [22/6/1986;Argentina] - [22/6/1986;Bélgica] - SIM
[16/6/1998;Escócia] - [15/6/1974;Itália] - [8/6/1958;Alemanha Ocidental] - [6/6/1962;Argentina] - SIM
[16/6/1998;Escócia] - [15/6/1974;Itália] - [4/6/1986;Alemanha Ocidental] - [18/6/1990;Argentina] - [26/6/1994;Romênia] - [26/6/1990;Iugoslávia] - [21/6/1994;Alemanha] - [1/7/1990;Inglaterra] - [19/6/1994;Bélgica] - [8/7/1990;Alemanha Ocidental] - [4/7/1990;Alemanha Ocidental] - SIM
[16/6/1998;Escócia] - [2/7/2010;Holanda] - [13/6/2006;França] - [6/6/2002;França] - [14/6/2002;Bélgica] - [10/6/2002;Bélgica] - [12/6/2002;Paraguai] - [12/6/2002;Espanha] - [11/6/2002;Irlanda] - NAO
[16/6/1998;Escócia] - [15/6/1974;Itália] - [8/6/1958;Alemanha Ocidental] - [6/6/1962;Argentina] - [3/6/1970;Brasil] - [14/6/1970;Uruguai] - [10/6/1970;Alemanha Ocidental] - [6/6/1970;Peru] - [7/6/1970;Israel] - [6/6/1970;Uruguai] - NAO
[16/6/1998;Escócia] - [2/7/2010;Holanda] - [13/6/2006;França] - [6/6/2002;França] - [29/6/1998;Holanda] - [3/6/2002;Itália] - [1/6/2002;Alemanha] - [2/6/2002;Argentina] - [2/6/2002;Espanha] - SIM
[16/6/1998;Escócia] - [15/6/1974;Itália] - [4/6/1986;Alemanha Ocidental] - [18/6/1990;Argentina] - [26/6/1994;Romênia] - [3/7/1994;Suécia] - SIM
[16/6/1998;Escócia] - [15/6/1974;Itália] - [4/6/1986;Alemanha Ocidental] - [3/6/1978;Áustria] - [23/6/1974;Suécia] - [19/6/1974;Polônia] - [22/6/1974;Brasil] - [23/6/1974;Holanda] - [22/6/1974;Escócia] - SIM
[16/6/1998;Escócia] - [2/7/2010;Holanda] - [25/6/2014;Honduras] - [22/6/2018;Sérvia] - [13/7/2014;Alemanha] - [18/6/2018;Bélgica] - [20/6/2018;Irã] - [21/6/2018;França] - NAO
[16/6/1998;Escócia] - [15/6/1974;Itália] - [4/6/1986;Alemanha Ocidental] - [3/6/1978;Áustria] - [20/6/1982;Espanha] - [5/7/1982;Itália] - [31/5/1986;Itália] - [3/6/1986;Argélia] - [1/6/1986;França] - NAO
[16/6/1998;Escócia] - [2/7/2010;Holanda] - [25/6/2014;Honduras] - [22/6/2018;Sérvia] - [27/6/2018;Suíça] - [26/6/2018;Islândia] - [23/6/2018;Coreia do Sul] - [26/6/2018;Australia] - [25/6/2018;Uruguai] - NAO
[16/6/1998;Escócia] - [15/6/1974;Itália] - [8/6/1958;Alemanha Ocidental] - [6/6/1962;Argentina] - [3/6/1970;Brasil] - [15/7/1966;Hungria] - [10/6/1962;Iugoslávia] - [12/7/1966;Alemanha Ocidental] - [15/7/1966;Chile] - [13/7/1966;Argentina] - NAO
[16/6/1998;Escócia] - [15/6/1974;Itália] - [4/6/1986;Alemanha Ocidental] - [18/6/1990;Argentina] - [21/6/1986;Alemanha Ocidental] - [10/6/1990;Alemanha Ocidental] - [11/6/1990;Inglaterra] - [17/6/1990;Bélgica] - [14/6/1990;Camarões] - [15/6/1990;Tchecoslováquia] - NAO
[16/6/1998;Escócia] - [15/6/1974;Itália] - [8/6/1958;Alemanha Ocidental] - [6/6/1962;Argentina] - [3/6/1970;Brasil] - [15/7/1966;Hungria] - [10/6/1962;Iugoslávia] - [12/7/1966;Alemanha Ocidental] - [15/7/1966;Chile] - [13/7/1966;Argentina] - SIM
[16/6/1998;Escócia] - [2/7/2010;Holanda] - [13/6/2006;França] - [6/6/2002;França] - [14/6/2002;Bélgica] - [10/6/2002;Bélgica] - [8/6/2002;África do Sul] - [9/6/2002;México] - [9/6/2002;Japão] - SIM