(D) Grey's Anatomy
(D) Os Simpsons
(D) Doctor Who
(D) Blindspot
(D) The Walking Dead
(D) 13 Reasons Why
(D) Smallville
(D) Gotham
(D) Penny Dreadful
(D) Outlander
(D) Grey's Anatomy
(D) The Big Bang Theory
(D) Orange Is the New Black
(D) Reign
[0]The 100 ## Série ## 42 minutos ## Estados Unidos ## Inglês ## The CW ## 19 de março de 2014(2014-03-19) – presente ## 4 ## 58
[1]Game of Thrones ## Série ## 50–69 minutos ## Estados Unidos ## Inglês ## HBO ## 17 de abril de 2011(2011-04-17) – presente ## 7 ## 61
[2]Sherlock ## Série ## 85-90 minutos ## Reino Unido ## Inglês ## BBC One ## 25 de julho de 2010 – presente ## 4 ## 13
[3]Under the Dome ## Série ## 45 minutos (aproximadamente) ## Estados Unidos ## Inglês ##  CBS ## 24 de junho de 2013 - 10 de setembro de 2015 ## 3 ## 39
[4]Anne ## Série ## 44 minutos ## Canadá ## Inglês ## CBC Television ## 19 de março de 2017 – atualmente ## 1 ## 7
[5]The Vampire Diaries ## Série ## 42 minutos (Aproximadamente) ## Estados Unidos ## Inglês ##  The CW ## 10 de setembro de 2009 – 10 de março de 2017 ## 8 ## 171
[6]True Detective ## Série ## 54 - 60 minutos ## Estados Unidos ## inglês ## HBO ## 12 de janeiro de 2014 – 9 de agosto de 2015 ## 2 ## 16
[7]House of Cards ## Websérie ## 55 min. aprox. ## Estados Unidos ## Inglês ## Netflix ## 1 de fevereiro de 2013 – presente ## 5 ## 65
[8]Friends ## Sitcom ## aprox. 22 min. (sem publicidade) ## Estados Unidos ## inglês ##  NBC ## 22 de setembro de 1994 – 6 de maio de 2004 ## 10 ## 236
[9]Prison Break ## Série ## 42 minutos ## Estados Unidos ## Inglês ## Fox ## 29 de agosto de 2005(2005-08-29) – 30 de maio de 2017(2017-05-30) ## 5 ## 90
[10]Grimm ## Série ## 42 minutos aprox. ##  Estados Unidos ##  Inglês ## NBC ## 21 de outubro de 2011 - 31 de março de 2017 ## 6 ## 123
[11]Breaking Bad ## Série ## 47–58 minutos ## Estados Unidos ## Inglês ## AMC ## 20 de janeiro de 2008 — ## 5 ## 62
[12]Black Mirror ## Série ## 44–89 minutos ## Reino Unido ## Inglês ## Channel 4 (2011–2014) ## 4 de dezembro de 2011(2011-12-04) – presente ## 3 ## 13
[13]Castle ## Série ## 43 minutos ## Estados Unidos ## Inglês ##  ABC ## 9 de março de 2009 – 16 de maio de 2016 ## 8 ## 173
[14]The Fresh Prince of Bel-Air ## Sitcom ## aprox. 23 mim. ## Estados Unidos ## Inglês ## NBC ## 10 de Setembro de 1990 – 20 de Maio de 1996 ## 6 ## 148
[15]How I Met Your Mother ## Sitcom ## 23 min. aprox. ## Estados Unidos ## Inglês ##  CBS ## 19 de setembro de 2005–31 de março de 2014 ## 9 ## 208
[16]Criminal Minds ## Série ## 45 minutos ## Estados Unidos ## Inglês ## CBS ## 22 de Setembro de 2005 – Presente ## 12 ## 277
[17]12 Monkeys ## Série ## 40–47 minutos ## Estados Unidos ## Inglês ## Syfy ## 16 de janeiro de 2015(2015-01-16) – atualmente(atualmente) ## 3 ## 36
[18]Scorpion ## Série ## 51–92 minutos ## Estados Unidos ## inglês ##  CBS ## 22 de setembro de 2014 – presente ## 3 ## 71
[19]Vikings ## Série ## 45 minutos (aproximadamente) ## Canadá / Irlanda ## Inglês ## History ## 3 de março de 2013 - presente ## 4 ## 49
[20]The Ranch ## Websérie ## 28 - 32 minutos ## Estados Unidos ## inglês ## Netflix ## 1 de abril de 2016(2016-04-01)[1] ## 2 ## 30
[21]Everybody Hates Chris ## Sitcom ## 22 min. aprox. ## Estados Unidos ## Inglês ##  UPN (2005-2006) ## 22 de setembro de 2005 - 8 de maio de 2009 ## 4 ## 88
[22]Downton Abbey ## Série ## 45-67 min ## Reino Unido ## Inglês ##  ITV ## 26 de setembro de 2010 - 25 de dezembro de 2015 ## 6 ## 52
[23]Once Upon a Time ## Série ## 43 minutos ## Estados Unidos ## Inglês ## ABC ## 23 de outubro de 2011 – atualmente ## 6 ## 133
[24]Narcos ## Série ## 43 a 57 minutos ## Estados Unidos ## Inglês ##  Netflix ## 28 de agosto de 2015 - presente ## 2 ## 20
[25]The 4400 ## Série ## 42 minutos ## Estados Unidos ## Inglês ##  USA Network ## 11 de julho de 2004 - 16 de setembro de 2007 ## 4 ## 44
[26]The Originals ## Série ## 45 minutos (aproximadamente) ## Estados Unidos ## Inglês ##  The CW ## 3 de outubro de 2013 - presente ## 4 ## 79
