[The 100] - [Game of Thrones] - [Anne] - [12 Monkeys] - SIM
[The 100] - [Game of Thrones] - [Anne] - [12 Monkeys] - NAO
[The 100] - [Game of Thrones] - [Sherlock] - [House of Cards] - [Grimm] - SIM
[The 100] - [Game of Thrones] - [Sherlock] - [Smallville] - NAO
[The 100] - [Game of Thrones] - [Anne] - [12 Monkeys] - NAO
[The 100] - [Game of Thrones] - [Sherlock] - [House of Cards] - SIM
[The 100] - [Game of Thrones] - [Sherlock] - [Smallville] - NAO
[The 100] - [Game of Thrones] - [Anne] - [12 Monkeys] - NAO
[The 100] - [Game of Thrones] - [Sherlock] - [House of Cards] - [Prison Break] - [How I Met Your Mother] - [Once Upon a Time] - [Narcos] - NAO
[The 100] - [Game of Thrones] - [Sherlock] - [Smallville] - NAO
[The 100] - [Game of Thrones] - [Anne] - SIM
[The 100] - [Game of Thrones] - [Sherlock] - [House of Cards] - [Prison Break] - [How I Met Your Mother] - SIM
[The 100] - [Game of Thrones] - [Sherlock] - [Smallville] - NAO
[The 100] - [Game of Thrones] - [Anne] - [Friends] - [Breaking Bad] - [Black Mirror] - NAO
[The 100] - [Game of Thrones] - [Sherlock] - [House of Cards] - [Prison Break] - [How I Met Your Mother] - [Once Upon a Time] - [Narcos] - NAO
[The 100] - [Game of Thrones] - [Sherlock] - [Smallville] - NAO
[The 100] - [Game of Thrones] - [Anne] - [Friends] - [Breaking Bad] - [Black Mirror] - SIM
[The 100] - [Game of Thrones] - [Sherlock] - [House of Cards] - [Prison Break] - [How I Met Your Mother] - [Once Upon a Time] - [Narcos] - NAO
[The 100] - SIM
[The 100] - [Game of Thrones] - [Anne] - [Friends] - [Breaking Bad] - [Black Mirror] - NAO
[The 100] - [Game of Thrones] - [Sherlock] - [House of Cards] - [Prison Break] - [How I Met Your Mother] - [Once Upon a Time] - [Narcos] - NAO
[The 100] - [Under the Dome] - [The Vampire Diaries] - [The Fresh Prince of Bel-Air] - [The 4400] - [The Big Bang Theory] - NAO
[The 100] - [Game of Thrones] - [Anne] - [Friends] - [Breaking Bad] - SIM
[The 100] - [Game of Thrones] - [Sherlock] - [House of Cards] - [Prison Break] - [How I Met Your Mother] - [Once Upon a Time] - [Narcos] - SIM
[The 100] - [Under the Dome] - [The Vampire Diaries] - [The Fresh Prince of Bel-Air] - [The Ranch] - SIM
[The 100] - [Game of Thrones] - [Anne] - [Friends] - [Breaking Bad] - [Castle] - SIM
[The 100] - [Game of Thrones] - [Sherlock] - [House of Cards] - [Prison Break] - [How I Met Your Mother] - [Once Upon a Time] - SIM
[The 100] - [Under the Dome] - [The Vampire Diaries] - [True Detective] - NAO
[The 100] - [Game of Thrones] - [Anne] - [Friends] - [Breaking Bad] - [Castle] - [Criminal Minds] - SIM
[The 100] - [Game of Thrones] - [Sherlock] - [House of Cards] - [Prison Break] - [How I Met Your Mother] - [Once Upon a Time] - [Orange Is the New Black] - SIM
[The 100] - [Under the Dome] - [The Vampire Diaries] - [The Fresh Prince of Bel-Air] - [The 4400] - SIM
[The 100] - [Game of Thrones] - [Anne] - [Friends] - [Breaking Bad] - [Castle] - [Criminal Minds] - [Everybody Hates Chris] - [Downton Abbey] - [Doctor Who] - NAO
[The 100] - [Game of Thrones] - [Sherlock] - [House of Cards] - [Prison Break] - [How I Met Your Mother] - [Once Upon a Time] - [Orange Is the New Black] - [Outlander] - [Os Simpsons] - NAO
[The 100] - [Under the Dome] - [The Vampire Diaries] - [The Fresh Prince of Bel-Air] - [The 4400] - [The Big Bang Theory] - SIM
[The 100] - [Game of Thrones] - [Anne] - [Friends] - [Breaking Bad] - [Castle] - [Criminal Minds] - [Everybody Hates Chris] - [Downton Abbey] - [Doctor Who] - NAO
