4
6
5
5
4
5
4
4
5
5
5
5
5
5
5
5
6
6
5
5
5
5
5
5
5
5
5
5
5
5
5
5
6
7
8
(R) How I Met Your Mother
(R) Criminal Minds
(R) 12 Monkeys
7
7
(R) Scorpion
7
(R) Vikings
(R) The Ranch
(R) Everybody Hates Chris
(R) Downton Abbey
8
(R) Once Upon a Time
(R) Narcos
8
(R) The 4400
(R) The Originals
(R) Orange Is the New Black
9
(R) The Big Bang Theory
[0]Outlander ## Série ## 50 min. ## Reino Unido ## inglês ## Starz ## 9 de agosto de 2014 - presente ## 2 ## 29
[1]Gotham ## Série ## 40-49 minutos ## Estados Unidos ## Inglês ##  FOX ##  22 de setembro de 2014 - presente ## 3 ## 88
[2]Smallville ## Série ## 51–92 minutos ## Estados Unidos ## Inglês ##  The WB (2001-06) ## 16 de Outubro de 2001 – 13 de maio de 2011[1] ## 10 ## 217
[3]Doctor Who ## Série ## Episódios regulares ## Reino Unido ## Inglês ## BBC One ## 23 de novembro de 1963 – atualmente ## 26 ## 819
[4]Os Simpsons ## Série de desenho animado ## 21–24 minutos ## Estados Unidos ## Inglês ## Fox ## 17 de dezembro de 1989 – presente ## 28 ## 618
[5]Grey's Anatomy ## Série ## 42 min. aprox. ## Estados Unidos  ## Inglês ## ABC ## 27 de Março de 2005 - presente ## 14 ## 293
[6]13 Reasons Why ## Série ## 49–61 minutos ## Estados Unidos ## Inglês ## Netflix ## 31 de março de 2017(2017-03-31) – presente ## 1 ## 13
[7]Blindspot ## Série ## 42-43 minutos (sem comerciais) ## Estados Unidos ## (em inglês) ##  NBC ## 21 de setembro de 2015 – presente ## 1 ## 22
[8]The Walking Dead ## Série ## 42–67 minutos ## Estados Unidos ## Inglês ## AMC ## 31 de outubro de 2010(2010-10-31) – presente ## 7 ## 99
[9]Penny Dreadful ## Série ## aprox. 50 min. ## Reino Unido ## inglês ##  Showtime ## 11 de maio de 2014 - 19 de junho de 2016 ## 3 ## 27
[10]Game of Thrones ## Série ## 50–69 minutos ## Estados Unidos ## Inglês ## HBO ## 17 de abril de 2011(2011-04-17) – presente ## 7 ## 61
[11]Reign ## Série ## 42 minutos ## Estados Unidos ## Inglês ##  The CW ##  17 de outubro de 2013 -  16 de junho de 2017 ## 4 ## 78
